<?xml version="1.0" encoding="UTF-8" ?>
<testsuite failures="0" time="4.672" errors="0" skipped="0" tests="4" name="fr.urssaf.image.tests.dfcetest.CreateNcotiTest">
  <properties>
[...]
</properties>
  <testcase time="1.453" classname="fr.urssaf.image.tests.dfcetest.CreateNcotiTest" name="create[0]"/>
  <testcase time="0.641" classname="fr.urssaf.image.tests.dfcetest.CreateNcotiTest" name="drop[0]"/>
  <testcase time="1" classname="fr.urssaf.image.tests.dfcetest.CreateNcotiTest" name="create[1]"/>
  <testcase time="0.578" classname="fr.urssaf.image.tests.dfcetest.CreateNcotiTest" name="drop[1]"/>
</testsuite>