<?xml version="1.0" encoding="UTF-8" ?>
<testsuite failures="0" time="0.078" errors="0" skipped="0" tests="4" name="fr.urssaf.image.sae.storage.bouchon.services.providers.InsertServiceProviderTest">
  <properties>
[...]
</properties>
  <testcase time="0.047" classname="fr.urssaf.image.sae.storage.bouchon.services.providers.InsertServiceProviderTest" name="insertionDataNotNull"/>
  <testcase time="0" classname="fr.urssaf.image.sae.storage.bouchon.services.providers.InsertServiceProviderTest" name="getDesiredUUID"/>
  <testcase time="0.015" classname="fr.urssaf.image.sae.storage.bouchon.services.providers.InsertServiceProviderTest" name="bulkInsertionDataNotNull"/>
  <testcase time="0.016" classname="fr.urssaf.image.sae.storage.bouchon.services.providers.InsertServiceProviderTest" name="getDesiredUUIDsFromBulkInsertion"/>
</testsuite>