-------------------------------------------------------------------------------
Test set: fr.urssaf.hectotest.AppTest
-------------------------------------------------------------------------------
Tests run: 15, Failures: 0, Errors: 15, Skipped: 0, Time elapsed: 2.016 sec <<< FAILURE!
testDumpDocInfo(fr.urssaf.hectotest.AppTest)  Time elapsed: 1.61 sec  <<< ERROR!
me.prettyprint.hector.api.exceptions.HectorException: All host pools marked down. Retry burden pushed out to client.
	at me.prettyprint.cassandra.connection.HConnectionManager.getClientFromLBPolicy(HConnectionManager.java:308)
	at me.prettyprint.cassandra.connection.HConnectionManager.operateWithFailover(HConnectionManager.java:213)
	at me.prettyprint.cassandra.service.KeyspaceServiceImpl.operateWithFailover(KeyspaceServiceImpl.java:129)
	at me.prettyprint.cassandra.service.KeyspaceServiceImpl.getRangeSlices(KeyspaceServiceImpl.java:165)
	at me.prettyprint.cassandra.model.thrift.ThriftRangeSlicesQuery$1.doInKeyspace(ThriftRangeSlicesQuery.java:67)
	at me.prettyprint.cassandra.model.thrift.ThriftRangeSlicesQuery$1.doInKeyspace(ThriftRangeSlicesQuery.java:63)
	at me.prettyprint.cassandra.model.KeyspaceOperationCallback.doInKeyspaceAndMeasure(KeyspaceOperationCallback.java:20)
	at me.prettyprint.cassandra.model.ExecutingKeyspace.doExecute(ExecutingKeyspace.java:85)
	at me.prettyprint.cassandra.model.thrift.ThriftRangeSlicesQuery.execute(ThriftRangeSlicesQuery.java:62)
	at fr.urssaf.hectotest.AppTest.dumpCF(AppTest.java:153)
	at fr.urssaf.hectotest.AppTest.testDumpDocInfo(AppTest.java:67)
	at sun.reflect.NativeMethodAccessorImpl.invoke0(Native Method)
	at sun.reflect.NativeMethodAccessorImpl.invoke(NativeMethodAccessorImpl.java:39)
	at sun.reflect.DelegatingMethodAccessorImpl.invoke(DelegatingMethodAccessorImpl.java:25)
	at java.lang.reflect.Method.invoke(Method.java:597)
	at org.junit.runners.model.FrameworkMethod$1.runReflectiveCall(FrameworkMethod.java:44)
	at org.junit.internal.runners.model.ReflectiveCallable.run(ReflectiveCallable.java:15)
	at org.junit.runners.model.FrameworkMethod.invokeExplosively(FrameworkMethod.java:41)
	at org.junit.internal.runners.statements.InvokeMethod.evaluate(InvokeMethod.java:20)
	at org.junit.internal.runners.statements.RunBefores.evaluate(RunBefores.java:28)
	at org.junit.internal.runners.statements.RunAfters.evaluate(RunAfters.java:31)
	at org.junit.runners.BlockJUnit4ClassRunner.runChild(BlockJUnit4ClassRunner.java:76)
	at org.junit.runners.BlockJUnit4ClassRunner.runChild(BlockJUnit4ClassRunner.java:50)
	at org.junit.runners.ParentRunner$3.run(ParentRunner.java:193)
	at org.junit.runners.ParentRunner$1.schedule(ParentRunner.java:52)
	at org.junit.runners.ParentRunner.runChildren(ParentRunner.java:191)
	at org.junit.runners.ParentRunner.access$000(ParentRunner.java:42)
	at org.junit.runners.ParentRunner$2.evaluate(ParentRunner.java:184)
	at org.junit.runners.ParentRunner.run(ParentRunner.java:236)
	at org.apache.maven.surefire.junit4.JUnit4TestSet.execute(JUnit4TestSet.java:62)
	at org.apache.maven.surefire.suite.AbstractDirectoryTestSuite.executeTestSet(AbstractDirectoryTestSuite.java:140)
	at org.apache.maven.surefire.suite.AbstractDirectoryTestSuite.execute(AbstractDirectoryTestSuite.java:127)
	at org.apache.maven.surefire.Surefire.run(Surefire.java:177)
	at sun.reflect.NativeMethodAccessorImpl.invoke0(Native Method)
	at sun.reflect.NativeMethodAccessorImpl.invoke(NativeMethodAccessorImpl.java:39)
	at sun.reflect.DelegatingMethodAccessorImpl.invoke(DelegatingMethodAccessorImpl.java:25)
	at java.lang.reflect.Method.invoke(Method.java:597)
	at org.apache.maven.surefire.booter.SurefireBooter.runSuitesInProcess(SurefireBooter.java:338)
	at org.apache.maven.surefire.booter.SurefireBooter.main(SurefireBooter.java:997)

testDumpDocuments(fr.urssaf.hectotest.AppTest)  Time elapsed: 0 sec  <<< ERROR!
me.prettyprint.hector.api.exceptions.HectorException: All host pools marked down. Retry burden pushed out to client.
	at me.prettyprint.cassandra.connection.HConnectionManager.getClientFromLBPolicy(HConnectionManager.java:308)
	at me.prettyprint.cassandra.connection.HConnectionManager.operateWithFailover(HConnectionManager.java:213)
	at me.prettyprint.cassandra.service.KeyspaceServiceImpl.operateWithFailover(KeyspaceServiceImpl.java:129)
	at me.prettyprint.cassandra.service.KeyspaceServiceImpl.getRangeSlices(KeyspaceServiceImpl.java:165)
	at me.prettyprint.cassandra.model.thrift.ThriftRangeSlicesQuery$1.doInKeyspace(ThriftRangeSlicesQuery.java:67)
	at me.prettyprint.cassandra.model.thrift.ThriftRangeSlicesQuery$1.doInKeyspace(ThriftRangeSlicesQuery.java:63)
	at me.prettyprint.cassandra.model.KeyspaceOperationCallback.doInKeyspaceAndMeasure(KeyspaceOperationCallback.java:20)
	at me.prettyprint.cassandra.model.ExecutingKeyspace.doExecute(ExecutingKeyspace.java:85)
	at me.prettyprint.cassandra.model.thrift.ThriftRangeSlicesQuery.execute(ThriftRangeSlicesQuery.java:62)
	at fr.urssaf.hectotest.AppTest.dumpCF(AppTest.java:153)
	at fr.urssaf.hectotest.AppTest.testDumpDocuments(AppTest.java:72)
	at sun.reflect.NativeMethodAccessorImpl.invoke0(Native Method)
	at sun.reflect.NativeMethodAccessorImpl.invoke(NativeMethodAccessorImpl.java:39)
	at sun.reflect.DelegatingMethodAccessorImpl.invoke(DelegatingMethodAccessorImpl.java:25)
	at java.lang.reflect.Method.invoke(Method.java:597)
	at org.junit.runners.model.FrameworkMethod$1.runReflectiveCall(FrameworkMethod.java:44)
	at org.junit.internal.runners.model.ReflectiveCallable.run(ReflectiveCallable.java:15)
	at org.junit.runners.model.FrameworkMethod.invokeExplosively(FrameworkMethod.java:41)
	at org.junit.internal.runners.statements.InvokeMethod.evaluate(InvokeMethod.java:20)
	at org.junit.internal.runners.statements.RunBefores.evaluate(RunBefores.java:28)
	at org.junit.internal.runners.statements.RunAfters.evaluate(RunAfters.java:31)
	at org.junit.runners.BlockJUnit4ClassRunner.runChild(BlockJUnit4ClassRunner.java:76)
	at org.junit.runners.BlockJUnit4ClassRunner.runChild(BlockJUnit4ClassRunner.java:50)
	at org.junit.runners.ParentRunner$3.run(ParentRunner.java:193)
	at org.junit.runners.ParentRunner$1.schedule(ParentRunner.java:52)
	at org.junit.runners.ParentRunner.runChildren(ParentRunner.java:191)
	at org.junit.runners.ParentRunner.access$000(ParentRunner.java:42)
	at org.junit.runners.ParentRunner$2.evaluate(ParentRunner.java:184)
	at org.junit.runners.ParentRunner.run(ParentRunner.java:236)
	at org.apache.maven.surefire.junit4.JUnit4TestSet.execute(JUnit4TestSet.java:62)
	at org.apache.maven.surefire.suite.AbstractDirectoryTestSuite.executeTestSet(AbstractDirectoryTestSuite.java:140)
	at org.apache.maven.surefire.suite.AbstractDirectoryTestSuite.execute(AbstractDirectoryTestSuite.java:127)
	at org.apache.maven.surefire.Surefire.run(Surefire.java:177)
	at sun.reflect.NativeMethodAccessorImpl.invoke0(Native Method)
	at sun.reflect.NativeMethodAccessorImpl.invoke(NativeMethodAccessorImpl.java:39)
	at sun.reflect.DelegatingMethodAccessorImpl.invoke(DelegatingMethodAccessorImpl.java:25)
	at java.lang.reflect.Method.invoke(Method.java:597)
	at org.apache.maven.surefire.booter.SurefireBooter.runSuitesInProcess(SurefireBooter.java:338)
	at org.apache.maven.surefire.booter.SurefireBooter.main(SurefireBooter.java:997)

testDumpTermInfo(fr.urssaf.hectotest.AppTest)  Time elapsed: 0 sec  <<< ERROR!
me.prettyprint.hector.api.exceptions.HectorException: All host pools marked down. Retry burden pushed out to client.
	at me.prettyprint.cassandra.connection.HConnectionManager.getClientFromLBPolicy(HConnectionManager.java:308)
	at me.prettyprint.cassandra.connection.HConnectionManager.operateWithFailover(HConnectionManager.java:213)
	at me.prettyprint.cassandra.service.KeyspaceServiceImpl.operateWithFailover(KeyspaceServiceImpl.java:129)
	at me.prettyprint.cassandra.service.KeyspaceServiceImpl.getRangeSlices(KeyspaceServiceImpl.java:165)
	at me.prettyprint.cassandra.model.thrift.ThriftRangeSlicesQuery$1.doInKeyspace(ThriftRangeSlicesQuery.java:67)
	at me.prettyprint.cassandra.model.thrift.ThriftRangeSlicesQuery$1.doInKeyspace(ThriftRangeSlicesQuery.java:63)
	at me.prettyprint.cassandra.model.KeyspaceOperationCallback.doInKeyspaceAndMeasure(KeyspaceOperationCallback.java:20)
	at me.prettyprint.cassandra.model.ExecutingKeyspace.doExecute(ExecutingKeyspace.java:85)
	at me.prettyprint.cassandra.model.thrift.ThriftRangeSlicesQuery.execute(ThriftRangeSlicesQuery.java:62)
	at fr.urssaf.hectotest.AppTest.getKeys(AppTest.java:186)
	at fr.urssaf.hectotest.AppTest.dumpSCF(AppTest.java:199)
	at fr.urssaf.hectotest.AppTest.testDumpTermInfo(AppTest.java:77)
	at sun.reflect.NativeMethodAccessorImpl.invoke0(Native Method)
	at sun.reflect.NativeMethodAccessorImpl.invoke(NativeMethodAccessorImpl.java:39)
	at sun.reflect.DelegatingMethodAccessorImpl.invoke(DelegatingMethodAccessorImpl.java:25)
	at java.lang.reflect.Method.invoke(Method.java:597)
	at org.junit.runners.model.FrameworkMethod$1.runReflectiveCall(FrameworkMethod.java:44)
	at org.junit.internal.runners.model.ReflectiveCallable.run(ReflectiveCallable.java:15)
	at org.junit.runners.model.FrameworkMethod.invokeExplosively(FrameworkMethod.java:41)
	at org.junit.internal.runners.statements.InvokeMethod.evaluate(InvokeMethod.java:20)
	at org.junit.internal.runners.statements.RunBefores.evaluate(RunBefores.java:28)
	at org.junit.internal.runners.statements.RunAfters.evaluate(RunAfters.java:31)
	at org.junit.runners.BlockJUnit4ClassRunner.runChild(BlockJUnit4ClassRunner.java:76)
	at org.junit.runners.BlockJUnit4ClassRunner.runChild(BlockJUnit4ClassRunner.java:50)
	at org.junit.runners.ParentRunner$3.run(ParentRunner.java:193)
	at org.junit.runners.ParentRunner$1.schedule(ParentRunner.java:52)
	at org.junit.runners.ParentRunner.runChildren(ParentRunner.java:191)
	at org.junit.runners.ParentRunner.access$000(ParentRunner.java:42)
	at org.junit.runners.ParentRunner$2.evaluate(ParentRunner.java:184)
	at org.junit.runners.ParentRunner.run(ParentRunner.java:236)
	at org.apache.maven.surefire.junit4.JUnit4TestSet.execute(JUnit4TestSet.java:62)
	at org.apache.maven.surefire.suite.AbstractDirectoryTestSuite.executeTestSet(AbstractDirectoryTestSuite.java:140)
	at org.apache.maven.surefire.suite.AbstractDirectoryTestSuite.execute(AbstractDirectoryTestSuite.java:127)
	at org.apache.maven.surefire.Surefire.run(Surefire.java:177)
	at sun.reflect.NativeMethodAccessorImpl.invoke0(Native Method)
	at sun.reflect.NativeMethodAccessorImpl.invoke(NativeMethodAccessorImpl.java:39)
	at sun.reflect.DelegatingMethodAccessorImpl.invoke(DelegatingMethodAccessorImpl.java:25)
	at java.lang.reflect.Method.invoke(Method.java:597)
	at org.apache.maven.surefire.booter.SurefireBooter.runSuitesInProcess(SurefireBooter.java:338)
	at org.apache.maven.surefire.booter.SurefireBooter.main(SurefireBooter.java:997)

testDumpNotes(fr.urssaf.hectotest.AppTest)  Time elapsed: 0 sec  <<< ERROR!
me.prettyprint.hector.api.exceptions.HectorException: All host pools marked down. Retry burden pushed out to client.
	at me.prettyprint.cassandra.connection.HConnectionManager.getClientFromLBPolicy(HConnectionManager.java:308)
	at me.prettyprint.cassandra.connection.HConnectionManager.operateWithFailover(HConnectionManager.java:213)
	at me.prettyprint.cassandra.service.KeyspaceServiceImpl.operateWithFailover(KeyspaceServiceImpl.java:129)
	at me.prettyprint.cassandra.service.KeyspaceServiceImpl.getRangeSlices(KeyspaceServiceImpl.java:165)
	at me.prettyprint.cassandra.model.thrift.ThriftRangeSlicesQuery$1.doInKeyspace(ThriftRangeSlicesQuery.java:67)
	at me.prettyprint.cassandra.model.thrift.ThriftRangeSlicesQuery$1.doInKeyspace(ThriftRangeSlicesQuery.java:63)
	at me.prettyprint.cassandra.model.KeyspaceOperationCallback.doInKeyspaceAndMeasure(KeyspaceOperationCallback.java:20)
	at me.prettyprint.cassandra.model.ExecutingKeyspace.doExecute(ExecutingKeyspace.java:85)
	at me.prettyprint.cassandra.model.thrift.ThriftRangeSlicesQuery.execute(ThriftRangeSlicesQuery.java:62)
	at fr.urssaf.hectotest.AppTest.dumpCF(AppTest.java:153)
	at fr.urssaf.hectotest.AppTest.testDumpNotes(AppTest.java:82)
	at sun.reflect.NativeMethodAccessorImpl.invoke0(Native Method)
	at sun.reflect.NativeMethodAccessorImpl.invoke(NativeMethodAccessorImpl.java:39)
	at sun.reflect.DelegatingMethodAccessorImpl.invoke(DelegatingMethodAccessorImpl.java:25)
	at java.lang.reflect.Method.invoke(Method.java:597)
	at org.junit.runners.model.FrameworkMethod$1.runReflectiveCall(FrameworkMethod.java:44)
	at org.junit.internal.runners.model.ReflectiveCallable.run(ReflectiveCallable.java:15)
	at org.junit.runners.model.FrameworkMethod.invokeExplosively(FrameworkMethod.java:41)
	at org.junit.internal.runners.statements.InvokeMethod.evaluate(InvokeMethod.java:20)
	at org.junit.internal.runners.statements.RunBefores.evaluate(RunBefores.java:28)
	at org.junit.internal.runners.statements.RunAfters.evaluate(RunAfters.java:31)
	at org.junit.runners.BlockJUnit4ClassRunner.runChild(BlockJUnit4ClassRunner.java:76)
	at org.junit.runners.BlockJUnit4ClassRunner.runChild(BlockJUnit4ClassRunner.java:50)
	at org.junit.runners.ParentRunner$3.run(ParentRunner.java:193)
	at org.junit.runners.ParentRunner$1.schedule(ParentRunner.java:52)
	at org.junit.runners.ParentRunner.runChildren(ParentRunner.java:191)
	at org.junit.runners.ParentRunner.access$000(ParentRunner.java:42)
	at org.junit.runners.ParentRunner$2.evaluate(ParentRunner.java:184)
	at org.junit.runners.ParentRunner.run(ParentRunner.java:236)
	at org.apache.maven.surefire.junit4.JUnit4TestSet.execute(JUnit4TestSet.java:62)
	at org.apache.maven.surefire.suite.AbstractDirectoryTestSuite.executeTestSet(AbstractDirectoryTestSuite.java:140)
	at org.apache.maven.surefire.suite.AbstractDirectoryTestSuite.execute(AbstractDirectoryTestSuite.java:127)
	at org.apache.maven.surefire.Surefire.run(Surefire.java:177)
	at sun.reflect.NativeMethodAccessorImpl.invoke0(Native Method)
	at sun.reflect.NativeMethodAccessorImpl.invoke(NativeMethodAccessorImpl.java:39)
	at sun.reflect.DelegatingMethodAccessorImpl.invoke(DelegatingMethodAccessorImpl.java:25)
	at java.lang.reflect.Method.invoke(Method.java:597)
	at org.apache.maven.surefire.booter.SurefireBooter.runSuitesInProcess(SurefireBooter.java:338)
	at org.apache.maven.surefire.booter.SurefireBooter.main(SurefireBooter.java:997)

testDumpAnnotations(fr.urssaf.hectotest.AppTest)  Time elapsed: 0 sec  <<< ERROR!
me.prettyprint.hector.api.exceptions.HectorException: All host pools marked down. Retry burden pushed out to client.
	at me.prettyprint.cassandra.connection.HConnectionManager.getClientFromLBPolicy(HConnectionManager.java:308)
	at me.prettyprint.cassandra.connection.HConnectionManager.operateWithFailover(HConnectionManager.java:213)
	at me.prettyprint.cassandra.service.KeyspaceServiceImpl.operateWithFailover(KeyspaceServiceImpl.java:129)
	at me.prettyprint.cassandra.service.KeyspaceServiceImpl.getRangeSlices(KeyspaceServiceImpl.java:165)
	at me.prettyprint.cassandra.model.thrift.ThriftRangeSlicesQuery$1.doInKeyspace(ThriftRangeSlicesQuery.java:67)
	at me.prettyprint.cassandra.model.thrift.ThriftRangeSlicesQuery$1.doInKeyspace(ThriftRangeSlicesQuery.java:63)
	at me.prettyprint.cassandra.model.KeyspaceOperationCallback.doInKeyspaceAndMeasure(KeyspaceOperationCallback.java:20)
	at me.prettyprint.cassandra.model.ExecutingKeyspace.doExecute(ExecutingKeyspace.java:85)
	at me.prettyprint.cassandra.model.thrift.ThriftRangeSlicesQuery.execute(ThriftRangeSlicesQuery.java:62)
	at fr.urssaf.hectotest.AppTest.dumpCF(AppTest.java:153)
	at fr.urssaf.hectotest.AppTest.testDumpAnnotations(AppTest.java:87)
	at sun.reflect.NativeMethodAccessorImpl.invoke0(Native Method)
	at sun.reflect.NativeMethodAccessorImpl.invoke(NativeMethodAccessorImpl.java:39)
	at sun.reflect.DelegatingMethodAccessorImpl.invoke(DelegatingMethodAccessorImpl.java:25)
	at java.lang.reflect.Method.invoke(Method.java:597)
	at org.junit.runners.model.FrameworkMethod$1.runReflectiveCall(FrameworkMethod.java:44)
	at org.junit.internal.runners.model.ReflectiveCallable.run(ReflectiveCallable.java:15)
	at org.junit.runners.model.FrameworkMethod.invokeExplosively(FrameworkMethod.java:41)
	at org.junit.internal.runners.statements.InvokeMethod.evaluate(InvokeMethod.java:20)
	at org.junit.internal.runners.statements.RunBefores.evaluate(RunBefores.java:28)
	at org.junit.internal.runners.statements.RunAfters.evaluate(RunAfters.java:31)
	at org.junit.runners.BlockJUnit4ClassRunner.runChild(BlockJUnit4ClassRunner.java:76)
	at org.junit.runners.BlockJUnit4ClassRunner.runChild(BlockJUnit4ClassRunner.java:50)
	at org.junit.runners.ParentRunner$3.run(ParentRunner.java:193)
	at org.junit.runners.ParentRunner$1.schedule(ParentRunner.java:52)
	at org.junit.runners.ParentRunner.runChildren(ParentRunner.java:191)
	at org.junit.runners.ParentRunner.access$000(ParentRunner.java:42)
	at org.junit.runners.ParentRunner$2.evaluate(ParentRunner.java:184)
	at org.junit.runners.ParentRunner.run(ParentRunner.java:236)
	at org.apache.maven.surefire.junit4.JUnit4TestSet.execute(JUnit4TestSet.java:62)
	at org.apache.maven.surefire.suite.AbstractDirectoryTestSuite.executeTestSet(AbstractDirectoryTestSuite.java:140)
	at org.apache.maven.surefire.suite.AbstractDirectoryTestSuite.execute(AbstractDirectoryTestSuite.java:127)
	at org.apache.maven.surefire.Surefire.run(Surefire.java:177)
	at sun.reflect.NativeMethodAccessorImpl.invoke0(Native Method)
	at sun.reflect.NativeMethodAccessorImpl.invoke(NativeMethodAccessorImpl.java:39)
	at sun.reflect.DelegatingMethodAccessorImpl.invoke(DelegatingMethodAccessorImpl.java:25)
	at java.lang.reflect.Method.invoke(Method.java:597)
	at org.apache.maven.surefire.booter.SurefireBooter.runSuitesInProcess(SurefireBooter.java:338)
	at org.apache.maven.surefire.booter.SurefireBooter.main(SurefireBooter.java:997)

testDumpRecordManager(fr.urssaf.hectotest.AppTest)  Time elapsed: 0 sec  <<< ERROR!
me.prettyprint.hector.api.exceptions.HectorException: All host pools marked down. Retry burden pushed out to client.
	at me.prettyprint.cassandra.connection.HConnectionManager.getClientFromLBPolicy(HConnectionManager.java:308)
	at me.prettyprint.cassandra.connection.HConnectionManager.operateWithFailover(HConnectionManager.java:213)
	at me.prettyprint.cassandra.service.KeyspaceServiceImpl.operateWithFailover(KeyspaceServiceImpl.java:129)
	at me.prettyprint.cassandra.service.KeyspaceServiceImpl.getRangeSlices(KeyspaceServiceImpl.java:165)
	at me.prettyprint.cassandra.model.thrift.ThriftRangeSlicesQuery$1.doInKeyspace(ThriftRangeSlicesQuery.java:67)
	at me.prettyprint.cassandra.model.thrift.ThriftRangeSlicesQuery$1.doInKeyspace(ThriftRangeSlicesQuery.java:63)
	at me.prettyprint.cassandra.model.KeyspaceOperationCallback.doInKeyspaceAndMeasure(KeyspaceOperationCallback.java:20)
	at me.prettyprint.cassandra.model.ExecutingKeyspace.doExecute(ExecutingKeyspace.java:85)
	at me.prettyprint.cassandra.model.thrift.ThriftRangeSlicesQuery.execute(ThriftRangeSlicesQuery.java:62)
	at fr.urssaf.hectotest.AppTest.getKeys(AppTest.java:186)
	at fr.urssaf.hectotest.AppTest.dumpSCF(AppTest.java:199)
	at fr.urssaf.hectotest.AppTest.testDumpRecordManager(AppTest.java:92)
	at sun.reflect.NativeMethodAccessorImpl.invoke0(Native Method)
	at sun.reflect.NativeMethodAccessorImpl.invoke(NativeMethodAccessorImpl.java:39)
	at sun.reflect.DelegatingMethodAccessorImpl.invoke(DelegatingMethodAccessorImpl.java:25)
	at java.lang.reflect.Method.invoke(Method.java:597)
	at org.junit.runners.model.FrameworkMethod$1.runReflectiveCall(FrameworkMethod.java:44)
	at org.junit.internal.runners.model.ReflectiveCallable.run(ReflectiveCallable.java:15)
	at org.junit.runners.model.FrameworkMethod.invokeExplosively(FrameworkMethod.java:41)
	at org.junit.internal.runners.statements.InvokeMethod.evaluate(InvokeMethod.java:20)
	at org.junit.internal.runners.statements.RunBefores.evaluate(RunBefores.java:28)
	at org.junit.internal.runners.statements.RunAfters.evaluate(RunAfters.java:31)
	at org.junit.runners.BlockJUnit4ClassRunner.runChild(BlockJUnit4ClassRunner.java:76)
	at org.junit.runners.BlockJUnit4ClassRunner.runChild(BlockJUnit4ClassRunner.java:50)
	at org.junit.runners.ParentRunner$3.run(ParentRunner.java:193)
	at org.junit.runners.ParentRunner$1.schedule(ParentRunner.java:52)
	at org.junit.runners.ParentRunner.runChildren(ParentRunner.java:191)
	at org.junit.runners.ParentRunner.access$000(ParentRunner.java:42)
	at org.junit.runners.ParentRunner$2.evaluate(ParentRunner.java:184)
	at org.junit.runners.ParentRunner.run(ParentRunner.java:236)
	at org.apache.maven.surefire.junit4.JUnit4TestSet.execute(JUnit4TestSet.java:62)
	at org.apache.maven.surefire.suite.AbstractDirectoryTestSuite.executeTestSet(AbstractDirectoryTestSuite.java:140)
	at org.apache.maven.surefire.suite.AbstractDirectoryTestSuite.execute(AbstractDirectoryTestSuite.java:127)
	at org.apache.maven.surefire.Surefire.run(Surefire.java:177)
	at sun.reflect.NativeMethodAccessorImpl.invoke0(Native Method)
	at sun.reflect.NativeMethodAccessorImpl.invoke(NativeMethodAccessorImpl.java:39)
	at sun.reflect.DelegatingMethodAccessorImpl.invoke(DelegatingMethodAccessorImpl.java:25)
	at java.lang.reflect.Method.invoke(Method.java:597)
	at org.apache.maven.surefire.booter.SurefireBooter.runSuitesInProcess(SurefireBooter.java:338)
	at org.apache.maven.surefire.booter.SurefireBooter.main(SurefireBooter.java:997)

testDumpRecordManagerRef(fr.urssaf.hectotest.AppTest)  Time elapsed: 0 sec  <<< ERROR!
me.prettyprint.hector.api.exceptions.HectorException: All host pools marked down. Retry burden pushed out to client.
	at me.prettyprint.cassandra.connection.HConnectionManager.getClientFromLBPolicy(HConnectionManager.java:308)
	at me.prettyprint.cassandra.connection.HConnectionManager.operateWithFailover(HConnectionManager.java:213)
	at me.prettyprint.cassandra.service.KeyspaceServiceImpl.operateWithFailover(KeyspaceServiceImpl.java:129)
	at me.prettyprint.cassandra.service.KeyspaceServiceImpl.getRangeSlices(KeyspaceServiceImpl.java:165)
	at me.prettyprint.cassandra.model.thrift.ThriftRangeSlicesQuery$1.doInKeyspace(ThriftRangeSlicesQuery.java:67)
	at me.prettyprint.cassandra.model.thrift.ThriftRangeSlicesQuery$1.doInKeyspace(ThriftRangeSlicesQuery.java:63)
	at me.prettyprint.cassandra.model.KeyspaceOperationCallback.doInKeyspaceAndMeasure(KeyspaceOperationCallback.java:20)
	at me.prettyprint.cassandra.model.ExecutingKeyspace.doExecute(ExecutingKeyspace.java:85)
	at me.prettyprint.cassandra.model.thrift.ThriftRangeSlicesQuery.execute(ThriftRangeSlicesQuery.java:62)
	at fr.urssaf.hectotest.AppTest.dumpCF(AppTest.java:153)
	at fr.urssaf.hectotest.AppTest.testDumpRecordManagerRef(AppTest.java:97)
	at sun.reflect.NativeMethodAccessorImpl.invoke0(Native Method)
	at sun.reflect.NativeMethodAccessorImpl.invoke(NativeMethodAccessorImpl.java:39)
	at sun.reflect.DelegatingMethodAccessorImpl.invoke(DelegatingMethodAccessorImpl.java:25)
	at java.lang.reflect.Method.invoke(Method.java:597)
	at org.junit.runners.model.FrameworkMethod$1.runReflectiveCall(FrameworkMethod.java:44)
	at org.junit.internal.runners.model.ReflectiveCallable.run(ReflectiveCallable.java:15)
	at org.junit.runners.model.FrameworkMethod.invokeExplosively(FrameworkMethod.java:41)
	at org.junit.internal.runners.statements.InvokeMethod.evaluate(InvokeMethod.java:20)
	at org.junit.internal.runners.statements.RunBefores.evaluate(RunBefores.java:28)
	at org.junit.internal.runners.statements.RunAfters.evaluate(RunAfters.java:31)
	at org.junit.runners.BlockJUnit4ClassRunner.runChild(BlockJUnit4ClassRunner.java:76)
	at org.junit.runners.BlockJUnit4ClassRunner.runChild(BlockJUnit4ClassRunner.java:50)
	at org.junit.runners.ParentRunner$3.run(ParentRunner.java:193)
	at org.junit.runners.ParentRunner$1.schedule(ParentRunner.java:52)
	at org.junit.runners.ParentRunner.runChildren(ParentRunner.java:191)
	at org.junit.runners.ParentRunner.access$000(ParentRunner.java:42)
	at org.junit.runners.ParentRunner$2.evaluate(ParentRunner.java:184)
	at org.junit.runners.ParentRunner.run(ParentRunner.java:236)
	at org.apache.maven.surefire.junit4.JUnit4TestSet.execute(JUnit4TestSet.java:62)
	at org.apache.maven.surefire.suite.AbstractDirectoryTestSuite.executeTestSet(AbstractDirectoryTestSuite.java:140)
	at org.apache.maven.surefire.suite.AbstractDirectoryTestSuite.execute(AbstractDirectoryTestSuite.java:127)
	at org.apache.maven.surefire.Surefire.run(Surefire.java:177)
	at sun.reflect.NativeMethodAccessorImpl.invoke0(Native Method)
	at sun.reflect.NativeMethodAccessorImpl.invoke(NativeMethodAccessorImpl.java:39)
	at sun.reflect.DelegatingMethodAccessorImpl.invoke(DelegatingMethodAccessorImpl.java:25)
	at java.lang.reflect.Method.invoke(Method.java:597)
	at org.apache.maven.surefire.booter.SurefireBooter.runSuitesInProcess(SurefireBooter.java:338)
	at org.apache.maven.surefire.booter.SurefireBooter.main(SurefireBooter.java:997)

testDumpRecordManagerArchive(fr.urssaf.hectotest.AppTest)  Time elapsed: 0 sec  <<< ERROR!
me.prettyprint.hector.api.exceptions.HectorException: All host pools marked down. Retry burden pushed out to client.
	at me.prettyprint.cassandra.connection.HConnectionManager.getClientFromLBPolicy(HConnectionManager.java:308)
	at me.prettyprint.cassandra.connection.HConnectionManager.operateWithFailover(HConnectionManager.java:213)
	at me.prettyprint.cassandra.service.KeyspaceServiceImpl.operateWithFailover(KeyspaceServiceImpl.java:129)
	at me.prettyprint.cassandra.service.KeyspaceServiceImpl.getRangeSlices(KeyspaceServiceImpl.java:165)
	at me.prettyprint.cassandra.model.thrift.ThriftRangeSlicesQuery$1.doInKeyspace(ThriftRangeSlicesQuery.java:67)
	at me.prettyprint.cassandra.model.thrift.ThriftRangeSlicesQuery$1.doInKeyspace(ThriftRangeSlicesQuery.java:63)
	at me.prettyprint.cassandra.model.KeyspaceOperationCallback.doInKeyspaceAndMeasure(KeyspaceOperationCallback.java:20)
	at me.prettyprint.cassandra.model.ExecutingKeyspace.doExecute(ExecutingKeyspace.java:85)
	at me.prettyprint.cassandra.model.thrift.ThriftRangeSlicesQuery.execute(ThriftRangeSlicesQuery.java:62)
	at fr.urssaf.hectotest.AppTest.dumpCF(AppTest.java:153)
	at fr.urssaf.hectotest.AppTest.testDumpRecordManagerArchive(AppTest.java:102)
	at sun.reflect.NativeMethodAccessorImpl.invoke0(Native Method)
	at sun.reflect.NativeMethodAccessorImpl.invoke(NativeMethodAccessorImpl.java:39)
	at sun.reflect.DelegatingMethodAccessorImpl.invoke(DelegatingMethodAccessorImpl.java:25)
	at java.lang.reflect.Method.invoke(Method.java:597)
	at org.junit.runners.model.FrameworkMethod$1.runReflectiveCall(FrameworkMethod.java:44)
	at org.junit.internal.runners.model.ReflectiveCallable.run(ReflectiveCallable.java:15)
	at org.junit.runners.model.FrameworkMethod.invokeExplosively(FrameworkMethod.java:41)
	at org.junit.internal.runners.statements.InvokeMethod.evaluate(InvokeMethod.java:20)
	at org.junit.internal.runners.statements.RunBefores.evaluate(RunBefores.java:28)
	at org.junit.internal.runners.statements.RunAfters.evaluate(RunAfters.java:31)
	at org.junit.runners.BlockJUnit4ClassRunner.runChild(BlockJUnit4ClassRunner.java:76)
	at org.junit.runners.BlockJUnit4ClassRunner.runChild(BlockJUnit4ClassRunner.java:50)
	at org.junit.runners.ParentRunner$3.run(ParentRunner.java:193)
	at org.junit.runners.ParentRunner$1.schedule(ParentRunner.java:52)
	at org.junit.runners.ParentRunner.runChildren(ParentRunner.java:191)
	at org.junit.runners.ParentRunner.access$000(ParentRunner.java:42)
	at org.junit.runners.ParentRunner$2.evaluate(ParentRunner.java:184)
	at org.junit.runners.ParentRunner.run(ParentRunner.java:236)
	at org.apache.maven.surefire.junit4.JUnit4TestSet.execute(JUnit4TestSet.java:62)
	at org.apache.maven.surefire.suite.AbstractDirectoryTestSuite.executeTestSet(AbstractDirectoryTestSuite.java:140)
	at org.apache.maven.surefire.suite.AbstractDirectoryTestSuite.execute(AbstractDirectoryTestSuite.java:127)
	at org.apache.maven.surefire.Surefire.run(Surefire.java:177)
	at sun.reflect.NativeMethodAccessorImpl.invoke0(Native Method)
	at sun.reflect.NativeMethodAccessorImpl.invoke(NativeMethodAccessorImpl.java:39)
	at sun.reflect.DelegatingMethodAccessorImpl.invoke(DelegatingMethodAccessorImpl.java:25)
	at java.lang.reflect.Method.invoke(Method.java:597)
	at org.apache.maven.surefire.booter.SurefireBooter.runSuitesInProcess(SurefireBooter.java:338)
	at org.apache.maven.surefire.booter.SurefireBooter.main(SurefireBooter.java:997)

testDumpBaseCategoriesReference(fr.urssaf.hectotest.AppTest)  Time elapsed: 0.015 sec  <<< ERROR!
me.prettyprint.hector.api.exceptions.HectorException: All host pools marked down. Retry burden pushed out to client.
	at me.prettyprint.cassandra.connection.HConnectionManager.getClientFromLBPolicy(HConnectionManager.java:308)
	at me.prettyprint.cassandra.connection.HConnectionManager.operateWithFailover(HConnectionManager.java:213)
	at me.prettyprint.cassandra.service.KeyspaceServiceImpl.operateWithFailover(KeyspaceServiceImpl.java:129)
	at me.prettyprint.cassandra.service.KeyspaceServiceImpl.getRangeSlices(KeyspaceServiceImpl.java:165)
	at me.prettyprint.cassandra.model.thrift.ThriftRangeSlicesQuery$1.doInKeyspace(ThriftRangeSlicesQuery.java:67)
	at me.prettyprint.cassandra.model.thrift.ThriftRangeSlicesQuery$1.doInKeyspace(ThriftRangeSlicesQuery.java:63)
	at me.prettyprint.cassandra.model.KeyspaceOperationCallback.doInKeyspaceAndMeasure(KeyspaceOperationCallback.java:20)
	at me.prettyprint.cassandra.model.ExecutingKeyspace.doExecute(ExecutingKeyspace.java:85)
	at me.prettyprint.cassandra.model.thrift.ThriftRangeSlicesQuery.execute(ThriftRangeSlicesQuery.java:62)
	at fr.urssaf.hectotest.AppTest.dumpCF(AppTest.java:153)
	at fr.urssaf.hectotest.AppTest.testDumpBaseCategoriesReference(AppTest.java:107)
	at sun.reflect.NativeMethodAccessorImpl.invoke0(Native Method)
	at sun.reflect.NativeMethodAccessorImpl.invoke(NativeMethodAccessorImpl.java:39)
	at sun.reflect.DelegatingMethodAccessorImpl.invoke(DelegatingMethodAccessorImpl.java:25)
	at java.lang.reflect.Method.invoke(Method.java:597)
	at org.junit.runners.model.FrameworkMethod$1.runReflectiveCall(FrameworkMethod.java:44)
	at org.junit.internal.runners.model.ReflectiveCallable.run(ReflectiveCallable.java:15)
	at org.junit.runners.model.FrameworkMethod.invokeExplosively(FrameworkMethod.java:41)
	at org.junit.internal.runners.statements.InvokeMethod.evaluate(InvokeMethod.java:20)
	at org.junit.internal.runners.statements.RunBefores.evaluate(RunBefores.java:28)
	at org.junit.internal.runners.statements.RunAfters.evaluate(RunAfters.java:31)
	at org.junit.runners.BlockJUnit4ClassRunner.runChild(BlockJUnit4ClassRunner.java:76)
	at org.junit.runners.BlockJUnit4ClassRunner.runChild(BlockJUnit4ClassRunner.java:50)
	at org.junit.runners.ParentRunner$3.run(ParentRunner.java:193)
	at org.junit.runners.ParentRunner$1.schedule(ParentRunner.java:52)
	at org.junit.runners.ParentRunner.runChildren(ParentRunner.java:191)
	at org.junit.runners.ParentRunner.access$000(ParentRunner.java:42)
	at org.junit.runners.ParentRunner$2.evaluate(ParentRunner.java:184)
	at org.junit.runners.ParentRunner.run(ParentRunner.java:236)
	at org.apache.maven.surefire.junit4.JUnit4TestSet.execute(JUnit4TestSet.java:62)
	at org.apache.maven.surefire.suite.AbstractDirectoryTestSuite.executeTestSet(AbstractDirectoryTestSuite.java:140)
	at org.apache.maven.surefire.suite.AbstractDirectoryTestSuite.execute(AbstractDirectoryTestSuite.java:127)
	at org.apache.maven.surefire.Surefire.run(Surefire.java:177)
	at sun.reflect.NativeMethodAccessorImpl.invoke0(Native Method)
	at sun.reflect.NativeMethodAccessorImpl.invoke(NativeMethodAccessorImpl.java:39)
	at sun.reflect.DelegatingMethodAccessorImpl.invoke(DelegatingMethodAccessorImpl.java:25)
	at java.lang.reflect.Method.invoke(Method.java:597)
	at org.apache.maven.surefire.booter.SurefireBooter.runSuitesInProcess(SurefireBooter.java:338)
	at org.apache.maven.surefire.booter.SurefireBooter.main(SurefireBooter.java:997)

testDumpCategoriesReference(fr.urssaf.hectotest.AppTest)  Time elapsed: 0 sec  <<< ERROR!
me.prettyprint.hector.api.exceptions.HectorException: All host pools marked down. Retry burden pushed out to client.
	at me.prettyprint.cassandra.connection.HConnectionManager.getClientFromLBPolicy(HConnectionManager.java:308)
	at me.prettyprint.cassandra.connection.HConnectionManager.operateWithFailover(HConnectionManager.java:213)
	at me.prettyprint.cassandra.service.KeyspaceServiceImpl.operateWithFailover(KeyspaceServiceImpl.java:129)
	at me.prettyprint.cassandra.service.KeyspaceServiceImpl.getRangeSlices(KeyspaceServiceImpl.java:165)
	at me.prettyprint.cassandra.model.thrift.ThriftRangeSlicesQuery$1.doInKeyspace(ThriftRangeSlicesQuery.java:67)
	at me.prettyprint.cassandra.model.thrift.ThriftRangeSlicesQuery$1.doInKeyspace(ThriftRangeSlicesQuery.java:63)
	at me.prettyprint.cassandra.model.KeyspaceOperationCallback.doInKeyspaceAndMeasure(KeyspaceOperationCallback.java:20)
	at me.prettyprint.cassandra.model.ExecutingKeyspace.doExecute(ExecutingKeyspace.java:85)
	at me.prettyprint.cassandra.model.thrift.ThriftRangeSlicesQuery.execute(ThriftRangeSlicesQuery.java:62)
	at fr.urssaf.hectotest.AppTest.dumpCF(AppTest.java:153)
	at fr.urssaf.hectotest.AppTest.testDumpCategoriesReference(AppTest.java:112)
	at sun.reflect.NativeMethodAccessorImpl.invoke0(Native Method)
	at sun.reflect.NativeMethodAccessorImpl.invoke(NativeMethodAccessorImpl.java:39)
	at sun.reflect.DelegatingMethodAccessorImpl.invoke(DelegatingMethodAccessorImpl.java:25)
	at java.lang.reflect.Method.invoke(Method.java:597)
	at org.junit.runners.model.FrameworkMethod$1.runReflectiveCall(FrameworkMethod.java:44)
	at org.junit.internal.runners.model.ReflectiveCallable.run(ReflectiveCallable.java:15)
	at org.junit.runners.model.FrameworkMethod.invokeExplosively(FrameworkMethod.java:41)
	at org.junit.internal.runners.statements.InvokeMethod.evaluate(InvokeMethod.java:20)
	at org.junit.internal.runners.statements.RunBefores.evaluate(RunBefores.java:28)
	at org.junit.internal.runners.statements.RunAfters.evaluate(RunAfters.java:31)
	at org.junit.runners.BlockJUnit4ClassRunner.runChild(BlockJUnit4ClassRunner.java:76)
	at org.junit.runners.BlockJUnit4ClassRunner.runChild(BlockJUnit4ClassRunner.java:50)
	at org.junit.runners.ParentRunner$3.run(ParentRunner.java:193)
	at org.junit.runners.ParentRunner$1.schedule(ParentRunner.java:52)
	at org.junit.runners.ParentRunner.runChildren(ParentRunner.java:191)
	at org.junit.runners.ParentRunner.access$000(ParentRunner.java:42)
	at org.junit.runners.ParentRunner$2.evaluate(ParentRunner.java:184)
	at org.junit.runners.ParentRunner.run(ParentRunner.java:236)
	at org.apache.maven.surefire.junit4.JUnit4TestSet.execute(JUnit4TestSet.java:62)
	at org.apache.maven.surefire.suite.AbstractDirectoryTestSuite.executeTestSet(AbstractDirectoryTestSuite.java:140)
	at org.apache.maven.surefire.suite.AbstractDirectoryTestSuite.execute(AbstractDirectoryTestSuite.java:127)
	at org.apache.maven.surefire.Surefire.run(Surefire.java:177)
	at sun.reflect.NativeMethodAccessorImpl.invoke0(Native Method)
	at sun.reflect.NativeMethodAccessorImpl.invoke(NativeMethodAccessorImpl.java:39)
	at sun.reflect.DelegatingMethodAccessorImpl.invoke(DelegatingMethodAccessorImpl.java:25)
	at java.lang.reflect.Method.invoke(Method.java:597)
	at org.apache.maven.surefire.booter.SurefireBooter.runSuitesInProcess(SurefireBooter.java:338)
	at org.apache.maven.surefire.booter.SurefireBooter.main(SurefireBooter.java:997)

testDumpCompositeIndexesReference(fr.urssaf.hectotest.AppTest)  Time elapsed: 0 sec  <<< ERROR!
me.prettyprint.hector.api.exceptions.HectorException: All host pools marked down. Retry burden pushed out to client.
	at me.prettyprint.cassandra.connection.HConnectionManager.getClientFromLBPolicy(HConnectionManager.java:308)
	at me.prettyprint.cassandra.connection.HConnectionManager.operateWithFailover(HConnectionManager.java:213)
	at me.prettyprint.cassandra.service.KeyspaceServiceImpl.operateWithFailover(KeyspaceServiceImpl.java:129)
	at me.prettyprint.cassandra.service.KeyspaceServiceImpl.getRangeSlices(KeyspaceServiceImpl.java:165)
	at me.prettyprint.cassandra.model.thrift.ThriftRangeSlicesQuery$1.doInKeyspace(ThriftRangeSlicesQuery.java:67)
	at me.prettyprint.cassandra.model.thrift.ThriftRangeSlicesQuery$1.doInKeyspace(ThriftRangeSlicesQuery.java:63)
	at me.prettyprint.cassandra.model.KeyspaceOperationCallback.doInKeyspaceAndMeasure(KeyspaceOperationCallback.java:20)
	at me.prettyprint.cassandra.model.ExecutingKeyspace.doExecute(ExecutingKeyspace.java:85)
	at me.prettyprint.cassandra.model.thrift.ThriftRangeSlicesQuery.execute(ThriftRangeSlicesQuery.java:62)
	at fr.urssaf.hectotest.AppTest.dumpCF(AppTest.java:153)
	at fr.urssaf.hectotest.AppTest.testDumpCompositeIndexesReference(AppTest.java:117)
	at sun.reflect.NativeMethodAccessorImpl.invoke0(Native Method)
	at sun.reflect.NativeMethodAccessorImpl.invoke(NativeMethodAccessorImpl.java:39)
	at sun.reflect.DelegatingMethodAccessorImpl.invoke(DelegatingMethodAccessorImpl.java:25)
	at java.lang.reflect.Method.invoke(Method.java:597)
	at org.junit.runners.model.FrameworkMethod$1.runReflectiveCall(FrameworkMethod.java:44)
	at org.junit.internal.runners.model.ReflectiveCallable.run(ReflectiveCallable.java:15)
	at org.junit.runners.model.FrameworkMethod.invokeExplosively(FrameworkMethod.java:41)
	at org.junit.internal.runners.statements.InvokeMethod.evaluate(InvokeMethod.java:20)
	at org.junit.internal.runners.statements.RunBefores.evaluate(RunBefores.java:28)
	at org.junit.internal.runners.statements.RunAfters.evaluate(RunAfters.java:31)
	at org.junit.runners.BlockJUnit4ClassRunner.runChild(BlockJUnit4ClassRunner.java:76)
	at org.junit.runners.BlockJUnit4ClassRunner.runChild(BlockJUnit4ClassRunner.java:50)
	at org.junit.runners.ParentRunner$3.run(ParentRunner.java:193)
	at org.junit.runners.ParentRunner$1.schedule(ParentRunner.java:52)
	at org.junit.runners.ParentRunner.runChildren(ParentRunner.java:191)
	at org.junit.runners.ParentRunner.access$000(ParentRunner.java:42)
	at org.junit.runners.ParentRunner$2.evaluate(ParentRunner.java:184)
	at org.junit.runners.ParentRunner.run(ParentRunner.java:236)
	at org.apache.maven.surefire.junit4.JUnit4TestSet.execute(JUnit4TestSet.java:62)
	at org.apache.maven.surefire.suite.AbstractDirectoryTestSuite.executeTestSet(AbstractDirectoryTestSuite.java:140)
	at org.apache.maven.surefire.suite.AbstractDirectoryTestSuite.execute(AbstractDirectoryTestSuite.java:127)
	at org.apache.maven.surefire.Surefire.run(Surefire.java:177)
	at sun.reflect.NativeMethodAccessorImpl.invoke0(Native Method)
	at sun.reflect.NativeMethodAccessorImpl.invoke(NativeMethodAccessorImpl.java:39)
	at sun.reflect.DelegatingMethodAccessorImpl.invoke(DelegatingMethodAccessorImpl.java:25)
	at java.lang.reflect.Method.invoke(Method.java:597)
	at org.apache.maven.surefire.booter.SurefireBooter.runSuitesInProcess(SurefireBooter.java:338)
	at org.apache.maven.surefire.booter.SurefireBooter.main(SurefireBooter.java:997)

testDumpIndexCriteriaReference(fr.urssaf.hectotest.AppTest)  Time elapsed: 0 sec  <<< ERROR!
me.prettyprint.hector.api.exceptions.HectorException: All host pools marked down. Retry burden pushed out to client.
	at me.prettyprint.cassandra.connection.HConnectionManager.getClientFromLBPolicy(HConnectionManager.java:308)
	at me.prettyprint.cassandra.connection.HConnectionManager.operateWithFailover(HConnectionManager.java:213)
	at me.prettyprint.cassandra.service.KeyspaceServiceImpl.operateWithFailover(KeyspaceServiceImpl.java:129)
	at me.prettyprint.cassandra.service.KeyspaceServiceImpl.getRangeSlices(KeyspaceServiceImpl.java:165)
	at me.prettyprint.cassandra.model.thrift.ThriftRangeSlicesQuery$1.doInKeyspace(ThriftRangeSlicesQuery.java:67)
	at me.prettyprint.cassandra.model.thrift.ThriftRangeSlicesQuery$1.doInKeyspace(ThriftRangeSlicesQuery.java:63)
	at me.prettyprint.cassandra.model.KeyspaceOperationCallback.doInKeyspaceAndMeasure(KeyspaceOperationCallback.java:20)
	at me.prettyprint.cassandra.model.ExecutingKeyspace.doExecute(ExecutingKeyspace.java:85)
	at me.prettyprint.cassandra.model.thrift.ThriftRangeSlicesQuery.execute(ThriftRangeSlicesQuery.java:62)
	at fr.urssaf.hectotest.AppTest.dumpCF(AppTest.java:153)
	at fr.urssaf.hectotest.AppTest.testDumpIndexCriteriaReference(AppTest.java:122)
	at sun.reflect.NativeMethodAccessorImpl.invoke0(Native Method)
	at sun.reflect.NativeMethodAccessorImpl.invoke(NativeMethodAccessorImpl.java:39)
	at sun.reflect.DelegatingMethodAccessorImpl.invoke(DelegatingMethodAccessorImpl.java:25)
	at java.lang.reflect.Method.invoke(Method.java:597)
	at org.junit.runners.model.FrameworkMethod$1.runReflectiveCall(FrameworkMethod.java:44)
	at org.junit.internal.runners.model.ReflectiveCallable.run(ReflectiveCallable.java:15)
	at org.junit.runners.model.FrameworkMethod.invokeExplosively(FrameworkMethod.java:41)
	at org.junit.internal.runners.statements.InvokeMethod.evaluate(InvokeMethod.java:20)
	at org.junit.internal.runners.statements.RunBefores.evaluate(RunBefores.java:28)
	at org.junit.internal.runners.statements.RunAfters.evaluate(RunAfters.java:31)
	at org.junit.runners.BlockJUnit4ClassRunner.runChild(BlockJUnit4ClassRunner.java:76)
	at org.junit.runners.BlockJUnit4ClassRunner.runChild(BlockJUnit4ClassRunner.java:50)
	at org.junit.runners.ParentRunner$3.run(ParentRunner.java:193)
	at org.junit.runners.ParentRunner$1.schedule(ParentRunner.java:52)
	at org.junit.runners.ParentRunner.runChildren(ParentRunner.java:191)
	at org.junit.runners.ParentRunner.access$000(ParentRunner.java:42)
	at org.junit.runners.ParentRunner$2.evaluate(ParentRunner.java:184)
	at org.junit.runners.ParentRunner.run(ParentRunner.java:236)
	at org.apache.maven.surefire.junit4.JUnit4TestSet.execute(JUnit4TestSet.java:62)
	at org.apache.maven.surefire.suite.AbstractDirectoryTestSuite.executeTestSet(AbstractDirectoryTestSuite.java:140)
	at org.apache.maven.surefire.suite.AbstractDirectoryTestSuite.execute(AbstractDirectoryTestSuite.java:127)
	at org.apache.maven.surefire.Surefire.run(Surefire.java:177)
	at sun.reflect.NativeMethodAccessorImpl.invoke0(Native Method)
	at sun.reflect.NativeMethodAccessorImpl.invoke(NativeMethodAccessorImpl.java:39)
	at sun.reflect.DelegatingMethodAccessorImpl.invoke(DelegatingMethodAccessorImpl.java:25)
	at java.lang.reflect.Method.invoke(Method.java:597)
	at org.apache.maven.surefire.booter.SurefireBooter.runSuitesInProcess(SurefireBooter.java:338)
	at org.apache.maven.surefire.booter.SurefireBooter.main(SurefireBooter.java:997)

testDumpStaticDictionaries(fr.urssaf.hectotest.AppTest)  Time elapsed: 0 sec  <<< ERROR!
me.prettyprint.hector.api.exceptions.HectorException: All host pools marked down. Retry burden pushed out to client.
	at me.prettyprint.cassandra.connection.HConnectionManager.getClientFromLBPolicy(HConnectionManager.java:308)
	at me.prettyprint.cassandra.connection.HConnectionManager.operateWithFailover(HConnectionManager.java:213)
	at me.prettyprint.cassandra.service.KeyspaceServiceImpl.operateWithFailover(KeyspaceServiceImpl.java:129)
	at me.prettyprint.cassandra.service.KeyspaceServiceImpl.getRangeSlices(KeyspaceServiceImpl.java:165)
	at me.prettyprint.cassandra.model.thrift.ThriftRangeSlicesQuery$1.doInKeyspace(ThriftRangeSlicesQuery.java:67)
	at me.prettyprint.cassandra.model.thrift.ThriftRangeSlicesQuery$1.doInKeyspace(ThriftRangeSlicesQuery.java:63)
	at me.prettyprint.cassandra.model.KeyspaceOperationCallback.doInKeyspaceAndMeasure(KeyspaceOperationCallback.java:20)
	at me.prettyprint.cassandra.model.ExecutingKeyspace.doExecute(ExecutingKeyspace.java:85)
	at me.prettyprint.cassandra.model.thrift.ThriftRangeSlicesQuery.execute(ThriftRangeSlicesQuery.java:62)
	at fr.urssaf.hectotest.AppTest.dumpCF(AppTest.java:153)
	at fr.urssaf.hectotest.AppTest.testDumpStaticDictionaries(AppTest.java:127)
	at sun.reflect.NativeMethodAccessorImpl.invoke0(Native Method)
	at sun.reflect.NativeMethodAccessorImpl.invoke(NativeMethodAccessorImpl.java:39)
	at sun.reflect.DelegatingMethodAccessorImpl.invoke(DelegatingMethodAccessorImpl.java:25)
	at java.lang.reflect.Method.invoke(Method.java:597)
	at org.junit.runners.model.FrameworkMethod$1.runReflectiveCall(FrameworkMethod.java:44)
	at org.junit.internal.runners.model.ReflectiveCallable.run(ReflectiveCallable.java:15)
	at org.junit.runners.model.FrameworkMethod.invokeExplosively(FrameworkMethod.java:41)
	at org.junit.internal.runners.statements.InvokeMethod.evaluate(InvokeMethod.java:20)
	at org.junit.internal.runners.statements.RunBefores.evaluate(RunBefores.java:28)
	at org.junit.internal.runners.statements.RunAfters.evaluate(RunAfters.java:31)
	at org.junit.runners.BlockJUnit4ClassRunner.runChild(BlockJUnit4ClassRunner.java:76)
	at org.junit.runners.BlockJUnit4ClassRunner.runChild(BlockJUnit4ClassRunner.java:50)
	at org.junit.runners.ParentRunner$3.run(ParentRunner.java:193)
	at org.junit.runners.ParentRunner$1.schedule(ParentRunner.java:52)
	at org.junit.runners.ParentRunner.runChildren(ParentRunner.java:191)
	at org.junit.runners.ParentRunner.access$000(ParentRunner.java:42)
	at org.junit.runners.ParentRunner$2.evaluate(ParentRunner.java:184)
	at org.junit.runners.ParentRunner.run(ParentRunner.java:236)
	at org.apache.maven.surefire.junit4.JUnit4TestSet.execute(JUnit4TestSet.java:62)
	at org.apache.maven.surefire.suite.AbstractDirectoryTestSuite.executeTestSet(AbstractDirectoryTestSuite.java:140)
	at org.apache.maven.surefire.suite.AbstractDirectoryTestSuite.execute(AbstractDirectoryTestSuite.java:127)
	at org.apache.maven.surefire.Surefire.run(Surefire.java:177)
	at sun.reflect.NativeMethodAccessorImpl.invoke0(Native Method)
	at sun.reflect.NativeMethodAccessorImpl.invoke(NativeMethodAccessorImpl.java:39)
	at sun.reflect.DelegatingMethodAccessorImpl.invoke(DelegatingMethodAccessorImpl.java:25)
	at java.lang.reflect.Method.invoke(Method.java:597)
	at org.apache.maven.surefire.booter.SurefireBooter.runSuitesInProcess(SurefireBooter.java:338)
	at org.apache.maven.surefire.booter.SurefireBooter.main(SurefireBooter.java:997)

testDumpIndexCounter(fr.urssaf.hectotest.AppTest)  Time elapsed: 0 sec  <<< ERROR!
me.prettyprint.hector.api.exceptions.HectorException: All host pools marked down. Retry burden pushed out to client.
	at me.prettyprint.cassandra.connection.HConnectionManager.getClientFromLBPolicy(HConnectionManager.java:308)
	at me.prettyprint.cassandra.connection.HConnectionManager.operateWithFailover(HConnectionManager.java:213)
	at me.prettyprint.cassandra.service.KeyspaceServiceImpl.operateWithFailover(KeyspaceServiceImpl.java:129)
	at me.prettyprint.cassandra.service.KeyspaceServiceImpl.getRangeSlices(KeyspaceServiceImpl.java:165)
	at me.prettyprint.cassandra.model.thrift.ThriftRangeSlicesQuery$1.doInKeyspace(ThriftRangeSlicesQuery.java:67)
	at me.prettyprint.cassandra.model.thrift.ThriftRangeSlicesQuery$1.doInKeyspace(ThriftRangeSlicesQuery.java:63)
	at me.prettyprint.cassandra.model.KeyspaceOperationCallback.doInKeyspaceAndMeasure(KeyspaceOperationCallback.java:20)
	at me.prettyprint.cassandra.model.ExecutingKeyspace.doExecute(ExecutingKeyspace.java:85)
	at me.prettyprint.cassandra.model.thrift.ThriftRangeSlicesQuery.execute(ThriftRangeSlicesQuery.java:62)
	at fr.urssaf.hectotest.AppTest.dumpCF(AppTest.java:153)
	at fr.urssaf.hectotest.AppTest.testDumpIndexCounter(AppTest.java:132)
	at sun.reflect.NativeMethodAccessorImpl.invoke0(Native Method)
	at sun.reflect.NativeMethodAccessorImpl.invoke(NativeMethodAccessorImpl.java:39)
	at sun.reflect.DelegatingMethodAccessorImpl.invoke(DelegatingMethodAccessorImpl.java:25)
	at java.lang.reflect.Method.invoke(Method.java:597)
	at org.junit.runners.model.FrameworkMethod$1.runReflectiveCall(FrameworkMethod.java:44)
	at org.junit.internal.runners.model.ReflectiveCallable.run(ReflectiveCallable.java:15)
	at org.junit.runners.model.FrameworkMethod.invokeExplosively(FrameworkMethod.java:41)
	at org.junit.internal.runners.statements.InvokeMethod.evaluate(InvokeMethod.java:20)
	at org.junit.internal.runners.statements.RunBefores.evaluate(RunBefores.java:28)
	at org.junit.internal.runners.statements.RunAfters.evaluate(RunAfters.java:31)
	at org.junit.runners.BlockJUnit4ClassRunner.runChild(BlockJUnit4ClassRunner.java:76)
	at org.junit.runners.BlockJUnit4ClassRunner.runChild(BlockJUnit4ClassRunner.java:50)
	at org.junit.runners.ParentRunner$3.run(ParentRunner.java:193)
	at org.junit.runners.ParentRunner$1.schedule(ParentRunner.java:52)
	at org.junit.runners.ParentRunner.runChildren(ParentRunner.java:191)
	at org.junit.runners.ParentRunner.access$000(ParentRunner.java:42)
	at org.junit.runners.ParentRunner$2.evaluate(ParentRunner.java:184)
	at org.junit.runners.ParentRunner.run(ParentRunner.java:236)
	at org.apache.maven.surefire.junit4.JUnit4TestSet.execute(JUnit4TestSet.java:62)
	at org.apache.maven.surefire.suite.AbstractDirectoryTestSuite.executeTestSet(AbstractDirectoryTestSuite.java:140)
	at org.apache.maven.surefire.suite.AbstractDirectoryTestSuite.execute(AbstractDirectoryTestSuite.java:127)
	at org.apache.maven.surefire.Surefire.run(Surefire.java:177)
	at sun.reflect.NativeMethodAccessorImpl.invoke0(Native Method)
	at sun.reflect.NativeMethodAccessorImpl.invoke(NativeMethodAccessorImpl.java:39)
	at sun.reflect.DelegatingMethodAccessorImpl.invoke(DelegatingMethodAccessorImpl.java:25)
	at java.lang.reflect.Method.invoke(Method.java:597)
	at org.apache.maven.surefire.booter.SurefireBooter.runSuitesInProcess(SurefireBooter.java:338)
	at org.apache.maven.surefire.booter.SurefireBooter.main(SurefireBooter.java:997)

testEntityManager(fr.urssaf.hectotest.AppTest)  Time elapsed: 0.328 sec  <<< ERROR!
me.prettyprint.hector.api.exceptions.HectorException: All host pools marked down. Retry burden pushed out to client.
	at me.prettyprint.cassandra.connection.HConnectionManager.getClientFromLBPolicy(HConnectionManager.java:308)
	at me.prettyprint.cassandra.connection.HConnectionManager.operateWithFailover(HConnectionManager.java:213)
	at me.prettyprint.cassandra.service.KeyspaceServiceImpl.operateWithFailover(KeyspaceServiceImpl.java:129)
	at me.prettyprint.cassandra.service.KeyspaceServiceImpl.getSlice(KeyspaceServiceImpl.java:227)
	at me.prettyprint.cassandra.model.thrift.ThriftSliceQuery$1.doInKeyspace(ThriftSliceQuery.java:53)
	at me.prettyprint.cassandra.model.thrift.ThriftSliceQuery$1.doInKeyspace(ThriftSliceQuery.java:49)
	at me.prettyprint.cassandra.model.KeyspaceOperationCallback.doInKeyspaceAndMeasure(KeyspaceOperationCallback.java:20)
	at me.prettyprint.cassandra.model.ExecutingKeyspace.doExecute(ExecutingKeyspace.java:85)
	at me.prettyprint.cassandra.model.thrift.ThriftSliceQuery.execute(ThriftSliceQuery.java:48)
	at me.prettyprint.hom.HectorObjectMapper.getObject(HectorObjectMapper.java:102)
	at me.prettyprint.hom.EntityManagerImpl.load(EntityManagerImpl.java:127)
	at fr.urssaf.hectotest.AppTest.testEntityManager(AppTest.java:294)
	at sun.reflect.NativeMethodAccessorImpl.invoke0(Native Method)
	at sun.reflect.NativeMethodAccessorImpl.invoke(NativeMethodAccessorImpl.java:39)
	at sun.reflect.DelegatingMethodAccessorImpl.invoke(DelegatingMethodAccessorImpl.java:25)
	at java.lang.reflect.Method.invoke(Method.java:597)
	at org.junit.runners.model.FrameworkMethod$1.runReflectiveCall(FrameworkMethod.java:44)
	at org.junit.internal.runners.model.ReflectiveCallable.run(ReflectiveCallable.java:15)
	at org.junit.runners.model.FrameworkMethod.invokeExplosively(FrameworkMethod.java:41)
	at org.junit.internal.runners.statements.InvokeMethod.evaluate(InvokeMethod.java:20)
	at org.junit.internal.runners.statements.RunBefores.evaluate(RunBefores.java:28)
	at org.junit.internal.runners.statements.RunAfters.evaluate(RunAfters.java:31)
	at org.junit.runners.BlockJUnit4ClassRunner.runChild(BlockJUnit4ClassRunner.java:76)
	at org.junit.runners.BlockJUnit4ClassRunner.runChild(BlockJUnit4ClassRunner.java:50)
	at org.junit.runners.ParentRunner$3.run(ParentRunner.java:193)
	at org.junit.runners.ParentRunner$1.schedule(ParentRunner.java:52)
	at org.junit.runners.ParentRunner.runChildren(ParentRunner.java:191)
	at org.junit.runners.ParentRunner.access$000(ParentRunner.java:42)
	at org.junit.runners.ParentRunner$2.evaluate(ParentRunner.java:184)
	at org.junit.runners.ParentRunner.run(ParentRunner.java:236)
	at org.apache.maven.surefire.junit4.JUnit4TestSet.execute(JUnit4TestSet.java:62)
	at org.apache.maven.surefire.suite.AbstractDirectoryTestSuite.executeTestSet(AbstractDirectoryTestSuite.java:140)
	at org.apache.maven.surefire.suite.AbstractDirectoryTestSuite.execute(AbstractDirectoryTestSuite.java:127)
	at org.apache.maven.surefire.Surefire.run(Surefire.java:177)
	at sun.reflect.NativeMethodAccessorImpl.invoke0(Native Method)
	at sun.reflect.NativeMethodAccessorImpl.invoke(NativeMethodAccessorImpl.java:39)
	at sun.reflect.DelegatingMethodAccessorImpl.invoke(DelegatingMethodAccessorImpl.java:25)
	at java.lang.reflect.Method.invoke(Method.java:597)
	at org.apache.maven.surefire.booter.SurefireBooter.runSuitesInProcess(SurefireBooter.java:338)
	at org.apache.maven.surefire.booter.SurefireBooter.main(SurefireBooter.java:997)

