<?xml version="1.0" encoding="UTF-8" ?>
<testsuite failures="0" time="2" errors="15" skipped="0" tests="15" name="fr.urssaf.hectotest.AppTest">
  <properties>
[...]
</properties>
  <testcase time="1.594" classname="fr.urssaf.hectotest.AppTest" name="testDumpDocInfo">
    <error message="All host pools marked down. Retry burden pushed out to client." type="me.prettyprint.hector.api.exceptions.HectorException">me.prettyprint.hector.api.exceptions.HectorException: All host pools marked down. Retry burden pushed out to client.
	at me.prettyprint.cassandra.connection.HConnectionManager.getClientFromLBPolicy(HConnectionManager.java:308)
	at me.prettyprint.cassandra.connection.HConnectionManager.operateWithFailover(HConnectionManager.java:213)
	at me.prettyprint.cassandra.service.KeyspaceServiceImpl.operateWithFailover(KeyspaceServiceImpl.java:129)
	at me.prettyprint.cassandra.service.KeyspaceServiceImpl.getRangeSlices(KeyspaceServiceImpl.java:165)
	at me.prettyprint.cassandra.model.thrift.ThriftRangeSlicesQuery$1.doInKeyspace(ThriftRangeSlicesQuery.java:67)
	at me.prettyprint.cassandra.model.thrift.ThriftRangeSlicesQuery$1.doInKeyspace(ThriftRangeSlicesQuery.java:63)
	at me.prettyprint.cassandra.model.KeyspaceOperationCallback.doInKeyspaceAndMeasure(KeyspaceOperationCallback.java:20)
	at me.prettyprint.cassandra.model.ExecutingKeyspace.doExecute(ExecutingKeyspace.java:85)
	at me.prettyprint.cassandra.model.thrift.ThriftRangeSlicesQuery.execute(ThriftRangeSlicesQuery.java:62)
	at fr.urssaf.hectotest.AppTest.dumpCF(AppTest.java:153)
	at fr.urssaf.hectotest.AppTest.testDumpDocInfo(AppTest.java:67)
	at sun.reflect.NativeMethodAccessorImpl.invoke0(Native Method)
	at sun.reflect.NativeMethodAccessorImpl.invoke(NativeMethodAccessorImpl.java:39)
	at sun.reflect.DelegatingMethodAccessorImpl.invoke(DelegatingMethodAccessorImpl.java:25)
	at java.lang.reflect.Method.invoke(Method.java:597)
	at org.junit.runners.model.FrameworkMethod$1.runReflectiveCall(FrameworkMethod.java:44)
	at org.junit.internal.runners.model.ReflectiveCallable.run(ReflectiveCallable.java:15)
	at org.junit.runners.model.FrameworkMethod.invokeExplosively(FrameworkMethod.java:41)
	at org.junit.internal.runners.statements.InvokeMethod.evaluate(InvokeMethod.java:20)
	at org.junit.internal.runners.statements.RunBefores.evaluate(RunBefores.java:28)
	at org.junit.internal.runners.statements.RunAfters.evaluate(RunAfters.java:31)
	at org.junit.runners.BlockJUnit4ClassRunner.runChild(BlockJUnit4ClassRunner.java:76)
	at org.junit.runners.BlockJUnit4ClassRunner.runChild(BlockJUnit4ClassRunner.java:50)
	at org.junit.runners.ParentRunner$3.run(ParentRunner.java:193)
	at org.junit.runners.ParentRunner$1.schedule(ParentRunner.java:52)
	at org.junit.runners.ParentRunner.runChildren(ParentRunner.java:191)
	at org.junit.runners.ParentRunner.access$000(ParentRunner.java:42)
	at org.junit.runners.ParentRunner$2.evaluate(ParentRunner.java:184)
	at org.junit.runners.ParentRunner.run(ParentRunner.java:236)
	at org.apache.maven.surefire.junit4.JUnit4TestSet.execute(JUnit4TestSet.java:62)
	at org.apache.maven.surefire.suite.AbstractDirectoryTestSuite.executeTestSet(AbstractDirectoryTestSuite.java:140)
	at org.apache.maven.surefire.suite.AbstractDirectoryTestSuite.execute(AbstractDirectoryTestSuite.java:127)
	at org.apache.maven.surefire.Surefire.run(Surefire.java:177)
	at sun.reflect.NativeMethodAccessorImpl.invoke0(Native Method)
	at sun.reflect.NativeMethodAccessorImpl.invoke(NativeMethodAccessorImpl.java:39)
	at sun.reflect.DelegatingMethodAccessorImpl.invoke(DelegatingMethodAccessorImpl.java:25)
	at java.lang.reflect.Method.invoke(Method.java:597)
	at org.apache.maven.surefire.booter.SurefireBooter.runSuitesInProcess(SurefireBooter.java:338)
	at org.apache.maven.surefire.booter.SurefireBooter.main(SurefireBooter.java:997)
</error>
    <system-out>12:50:26.087 [main] INFO  m.p.c.c.CassandraHostRetryService - Downed Host Retry service started with queue size -1 and retry delay 10s
12:50:26.134 [main] DEBUG m.p.c.connection.HThriftClient - Transport open status false for client CassandraClient&lt;cer69-saeint2.cer69.recouv:9160-1&gt;
12:50:26.134 [main] DEBUG m.p.c.connection.HThriftClient - Creating a new thrift connection to cer69-saeint2.cer69.recouv(10.3.21.125):9160
12:50:27.227 [main] DEBUG m.p.c.connection.HThriftClient - Unable to open transport to cer69-saeint2.cer69.recouv(10.3.21.125):9160
12:50:27.227 [main] ERROR m.p.c.connection.HConnectionManager - Could not start connection pool for host cer69-saeint2.cer69.recouv(10.3.21.125):9160
12:50:27.227 [main] INFO  m.p.c.c.CassandraHostRetryService - Host detected as down was added to retry queue: cer69-saeint2.cer69.recouv(10.3.21.125):9160
12:50:27.290 [main] INFO  m.p.cassandra.service.JmxMonitor - Registering JMX me.prettyprint.cassandra.service_Docubase:ServiceType=hector,MonitorType=hector
12:50:27.306 [main] WARN  m.p.cassandra.service.JmxMonitor - Unable to load log4j&apos;s DOMConfigurator. Performance counters will not be exported. To fix, include the log4j jar in your application&apos;s classpath.
12:50:27.368 [main] INFO  m.p.cassandra.hector.TimingLogger - start[1304419827368] time[0] tag[READ.fail_]
</system-out>
  </testcase>
  <testcase time="0" classname="fr.urssaf.hectotest.AppTest" name="testDumpDocuments">
    <error message="All host pools marked down. Retry burden pushed out to client." type="me.prettyprint.hector.api.exceptions.HectorException">me.prettyprint.hector.api.exceptions.HectorException: All host pools marked down. Retry burden pushed out to client.
	at me.prettyprint.cassandra.connection.HConnectionManager.getClientFromLBPolicy(HConnectionManager.java:308)
	at me.prettyprint.cassandra.connection.HConnectionManager.operateWithFailover(HConnectionManager.java:213)
	at me.prettyprint.cassandra.service.KeyspaceServiceImpl.operateWithFailover(KeyspaceServiceImpl.java:129)
	at me.prettyprint.cassandra.service.KeyspaceServiceImpl.getRangeSlices(KeyspaceServiceImpl.java:165)
	at me.prettyprint.cassandra.model.thrift.ThriftRangeSlicesQuery$1.doInKeyspace(ThriftRangeSlicesQuery.java:67)
	at me.prettyprint.cassandra.model.thrift.ThriftRangeSlicesQuery$1.doInKeyspace(ThriftRangeSlicesQuery.java:63)
	at me.prettyprint.cassandra.model.KeyspaceOperationCallback.doInKeyspaceAndMeasure(KeyspaceOperationCallback.java:20)
	at me.prettyprint.cassandra.model.ExecutingKeyspace.doExecute(ExecutingKeyspace.java:85)
	at me.prettyprint.cassandra.model.thrift.ThriftRangeSlicesQuery.execute(ThriftRangeSlicesQuery.java:62)
	at fr.urssaf.hectotest.AppTest.dumpCF(AppTest.java:153)
	at fr.urssaf.hectotest.AppTest.testDumpDocuments(AppTest.java:72)
	at sun.reflect.NativeMethodAccessorImpl.invoke0(Native Method)
	at sun.reflect.NativeMethodAccessorImpl.invoke(NativeMethodAccessorImpl.java:39)
	at sun.reflect.DelegatingMethodAccessorImpl.invoke(DelegatingMethodAccessorImpl.java:25)
	at java.lang.reflect.Method.invoke(Method.java:597)
	at org.junit.runners.model.FrameworkMethod$1.runReflectiveCall(FrameworkMethod.java:44)
	at org.junit.internal.runners.model.ReflectiveCallable.run(ReflectiveCallable.java:15)
	at org.junit.runners.model.FrameworkMethod.invokeExplosively(FrameworkMethod.java:41)
	at org.junit.internal.runners.statements.InvokeMethod.evaluate(InvokeMethod.java:20)
	at org.junit.internal.runners.statements.RunBefores.evaluate(RunBefores.java:28)
	at org.junit.internal.runners.statements.RunAfters.evaluate(RunAfters.java:31)
	at org.junit.runners.BlockJUnit4ClassRunner.runChild(BlockJUnit4ClassRunner.java:76)
	at org.junit.runners.BlockJUnit4ClassRunner.runChild(BlockJUnit4ClassRunner.java:50)
	at org.junit.runners.ParentRunner$3.run(ParentRunner.java:193)
	at org.junit.runners.ParentRunner$1.schedule(ParentRunner.java:52)
	at org.junit.runners.ParentRunner.runChildren(ParentRunner.java:191)
	at org.junit.runners.ParentRunner.access$000(ParentRunner.java:42)
	at org.junit.runners.ParentRunner$2.evaluate(ParentRunner.java:184)
	at org.junit.runners.ParentRunner.run(ParentRunner.java:236)
	at org.apache.maven.surefire.junit4.JUnit4TestSet.execute(JUnit4TestSet.java:62)
	at org.apache.maven.surefire.suite.AbstractDirectoryTestSuite.executeTestSet(AbstractDirectoryTestSuite.java:140)
	at org.apache.maven.surefire.suite.AbstractDirectoryTestSuite.execute(AbstractDirectoryTestSuite.java:127)
	at org.apache.maven.surefire.Surefire.run(Surefire.java:177)
	at sun.reflect.NativeMethodAccessorImpl.invoke0(Native Method)
	at sun.reflect.NativeMethodAccessorImpl.invoke(NativeMethodAccessorImpl.java:39)
	at sun.reflect.DelegatingMethodAccessorImpl.invoke(DelegatingMethodAccessorImpl.java:25)
	at java.lang.reflect.Method.invoke(Method.java:597)
	at org.apache.maven.surefire.booter.SurefireBooter.runSuitesInProcess(SurefireBooter.java:338)
	at org.apache.maven.surefire.booter.SurefireBooter.main(SurefireBooter.java:997)
</error>
    <system-out>12:50:27.384 [main] INFO  m.p.cassandra.hector.TimingLogger - start[1304419827384] time[0] tag[READ.fail_]
</system-out>
  </testcase>
  <testcase time="0" classname="fr.urssaf.hectotest.AppTest" name="testDumpTermInfo">
    <error message="All host pools marked down. Retry burden pushed out to client." type="me.prettyprint.hector.api.exceptions.HectorException">me.prettyprint.hector.api.exceptions.HectorException: All host pools marked down. Retry burden pushed out to client.
	at me.prettyprint.cassandra.connection.HConnectionManager.getClientFromLBPolicy(HConnectionManager.java:308)
	at me.prettyprint.cassandra.connection.HConnectionManager.operateWithFailover(HConnectionManager.java:213)
	at me.prettyprint.cassandra.service.KeyspaceServiceImpl.operateWithFailover(KeyspaceServiceImpl.java:129)
	at me.prettyprint.cassandra.service.KeyspaceServiceImpl.getRangeSlices(KeyspaceServiceImpl.java:165)
	at me.prettyprint.cassandra.model.thrift.ThriftRangeSlicesQuery$1.doInKeyspace(ThriftRangeSlicesQuery.java:67)
	at me.prettyprint.cassandra.model.thrift.ThriftRangeSlicesQuery$1.doInKeyspace(ThriftRangeSlicesQuery.java:63)
	at me.prettyprint.cassandra.model.KeyspaceOperationCallback.doInKeyspaceAndMeasure(KeyspaceOperationCallback.java:20)
	at me.prettyprint.cassandra.model.ExecutingKeyspace.doExecute(ExecutingKeyspace.java:85)
	at me.prettyprint.cassandra.model.thrift.ThriftRangeSlicesQuery.execute(ThriftRangeSlicesQuery.java:62)
	at fr.urssaf.hectotest.AppTest.getKeys(AppTest.java:186)
	at fr.urssaf.hectotest.AppTest.dumpSCF(AppTest.java:199)
	at fr.urssaf.hectotest.AppTest.testDumpTermInfo(AppTest.java:77)
	at sun.reflect.NativeMethodAccessorImpl.invoke0(Native Method)
	at sun.reflect.NativeMethodAccessorImpl.invoke(NativeMethodAccessorImpl.java:39)
	at sun.reflect.DelegatingMethodAccessorImpl.invoke(DelegatingMethodAccessorImpl.java:25)
	at java.lang.reflect.Method.invoke(Method.java:597)
	at org.junit.runners.model.FrameworkMethod$1.runReflectiveCall(FrameworkMethod.java:44)
	at org.junit.internal.runners.model.ReflectiveCallable.run(ReflectiveCallable.java:15)
	at org.junit.runners.model.FrameworkMethod.invokeExplosively(FrameworkMethod.java:41)
	at org.junit.internal.runners.statements.InvokeMethod.evaluate(InvokeMethod.java:20)
	at org.junit.internal.runners.statements.RunBefores.evaluate(RunBefores.java:28)
	at org.junit.internal.runners.statements.RunAfters.evaluate(RunAfters.java:31)
	at org.junit.runners.BlockJUnit4ClassRunner.runChild(BlockJUnit4ClassRunner.java:76)
	at org.junit.runners.BlockJUnit4ClassRunner.runChild(BlockJUnit4ClassRunner.java:50)
	at org.junit.runners.ParentRunner$3.run(ParentRunner.java:193)
	at org.junit.runners.ParentRunner$1.schedule(ParentRunner.java:52)
	at org.junit.runners.ParentRunner.runChildren(ParentRunner.java:191)
	at org.junit.runners.ParentRunner.access$000(ParentRunner.java:42)
	at org.junit.runners.ParentRunner$2.evaluate(ParentRunner.java:184)
	at org.junit.runners.ParentRunner.run(ParentRunner.java:236)
	at org.apache.maven.surefire.junit4.JUnit4TestSet.execute(JUnit4TestSet.java:62)
	at org.apache.maven.surefire.suite.AbstractDirectoryTestSuite.executeTestSet(AbstractDirectoryTestSuite.java:140)
	at org.apache.maven.surefire.suite.AbstractDirectoryTestSuite.execute(AbstractDirectoryTestSuite.java:127)
	at org.apache.maven.surefire.Surefire.run(Surefire.java:177)
	at sun.reflect.NativeMethodAccessorImpl.invoke0(Native Method)
	at sun.reflect.NativeMethodAccessorImpl.invoke(NativeMethodAccessorImpl.java:39)
	at sun.reflect.DelegatingMethodAccessorImpl.invoke(DelegatingMethodAccessorImpl.java:25)
	at java.lang.reflect.Method.invoke(Method.java:597)
	at org.apache.maven.surefire.booter.SurefireBooter.runSuitesInProcess(SurefireBooter.java:338)
	at org.apache.maven.surefire.booter.SurefireBooter.main(SurefireBooter.java:997)
</error>
    <system-out>12:50:27.384 [main] INFO  m.p.cassandra.hector.TimingLogger - start[1304419827384] time[0] tag[READ.fail_]
</system-out>
  </testcase>
  <testcase time="0" classname="fr.urssaf.hectotest.AppTest" name="testDumpNotes">
    <error message="All host pools marked down. Retry burden pushed out to client." type="me.prettyprint.hector.api.exceptions.HectorException">me.prettyprint.hector.api.exceptions.HectorException: All host pools marked down. Retry burden pushed out to client.
	at me.prettyprint.cassandra.connection.HConnectionManager.getClientFromLBPolicy(HConnectionManager.java:308)
	at me.prettyprint.cassandra.connection.HConnectionManager.operateWithFailover(HConnectionManager.java:213)
	at me.prettyprint.cassandra.service.KeyspaceServiceImpl.operateWithFailover(KeyspaceServiceImpl.java:129)
	at me.prettyprint.cassandra.service.KeyspaceServiceImpl.getRangeSlices(KeyspaceServiceImpl.java:165)
	at me.prettyprint.cassandra.model.thrift.ThriftRangeSlicesQuery$1.doInKeyspace(ThriftRangeSlicesQuery.java:67)
	at me.prettyprint.cassandra.model.thrift.ThriftRangeSlicesQuery$1.doInKeyspace(ThriftRangeSlicesQuery.java:63)
	at me.prettyprint.cassandra.model.KeyspaceOperationCallback.doInKeyspaceAndMeasure(KeyspaceOperationCallback.java:20)
	at me.prettyprint.cassandra.model.ExecutingKeyspace.doExecute(ExecutingKeyspace.java:85)
	at me.prettyprint.cassandra.model.thrift.ThriftRangeSlicesQuery.execute(ThriftRangeSlicesQuery.java:62)
	at fr.urssaf.hectotest.AppTest.dumpCF(AppTest.java:153)
	at fr.urssaf.hectotest.AppTest.testDumpNotes(AppTest.java:82)
	at sun.reflect.NativeMethodAccessorImpl.invoke0(Native Method)
	at sun.reflect.NativeMethodAccessorImpl.invoke(NativeMethodAccessorImpl.java:39)
	at sun.reflect.DelegatingMethodAccessorImpl.invoke(DelegatingMethodAccessorImpl.java:25)
	at java.lang.reflect.Method.invoke(Method.java:597)
	at org.junit.runners.model.FrameworkMethod$1.runReflectiveCall(FrameworkMethod.java:44)
	at org.junit.internal.runners.model.ReflectiveCallable.run(ReflectiveCallable.java:15)
	at org.junit.runners.model.FrameworkMethod.invokeExplosively(FrameworkMethod.java:41)
	at org.junit.internal.runners.statements.InvokeMethod.evaluate(InvokeMethod.java:20)
	at org.junit.internal.runners.statements.RunBefores.evaluate(RunBefores.java:28)
	at org.junit.internal.runners.statements.RunAfters.evaluate(RunAfters.java:31)
	at org.junit.runners.BlockJUnit4ClassRunner.runChild(BlockJUnit4ClassRunner.java:76)
	at org.junit.runners.BlockJUnit4ClassRunner.runChild(BlockJUnit4ClassRunner.java:50)
	at org.junit.runners.ParentRunner$3.run(ParentRunner.java:193)
	at org.junit.runners.ParentRunner$1.schedule(ParentRunner.java:52)
	at org.junit.runners.ParentRunner.runChildren(ParentRunner.java:191)
	at org.junit.runners.ParentRunner.access$000(ParentRunner.java:42)
	at org.junit.runners.ParentRunner$2.evaluate(ParentRunner.java:184)
	at org.junit.runners.ParentRunner.run(ParentRunner.java:236)
	at org.apache.maven.surefire.junit4.JUnit4TestSet.execute(JUnit4TestSet.java:62)
	at org.apache.maven.surefire.suite.AbstractDirectoryTestSuite.executeTestSet(AbstractDirectoryTestSuite.java:140)
	at org.apache.maven.surefire.suite.AbstractDirectoryTestSuite.execute(AbstractDirectoryTestSuite.java:127)
	at org.apache.maven.surefire.Surefire.run(Surefire.java:177)
	at sun.reflect.NativeMethodAccessorImpl.invoke0(Native Method)
	at sun.reflect.NativeMethodAccessorImpl.invoke(NativeMethodAccessorImpl.java:39)
	at sun.reflect.DelegatingMethodAccessorImpl.invoke(DelegatingMethodAccessorImpl.java:25)
	at java.lang.reflect.Method.invoke(Method.java:597)
	at org.apache.maven.surefire.booter.SurefireBooter.runSuitesInProcess(SurefireBooter.java:338)
	at org.apache.maven.surefire.booter.SurefireBooter.main(SurefireBooter.java:997)
</error>
    <system-out>12:50:27.384 [main] INFO  m.p.cassandra.hector.TimingLogger - start[1304419827384] time[0] tag[READ.fail_]
</system-out>
  </testcase>
  <testcase time="0" classname="fr.urssaf.hectotest.AppTest" name="testDumpAnnotations">
    <error message="All host pools marked down. Retry burden pushed out to client." type="me.prettyprint.hector.api.exceptions.HectorException">me.prettyprint.hector.api.exceptions.HectorException: All host pools marked down. Retry burden pushed out to client.
	at me.prettyprint.cassandra.connection.HConnectionManager.getClientFromLBPolicy(HConnectionManager.java:308)
	at me.prettyprint.cassandra.connection.HConnectionManager.operateWithFailover(HConnectionManager.java:213)
	at me.prettyprint.cassandra.service.KeyspaceServiceImpl.operateWithFailover(KeyspaceServiceImpl.java:129)
	at me.prettyprint.cassandra.service.KeyspaceServiceImpl.getRangeSlices(KeyspaceServiceImpl.java:165)
	at me.prettyprint.cassandra.model.thrift.ThriftRangeSlicesQuery$1.doInKeyspace(ThriftRangeSlicesQuery.java:67)
	at me.prettyprint.cassandra.model.thrift.ThriftRangeSlicesQuery$1.doInKeyspace(ThriftRangeSlicesQuery.java:63)
	at me.prettyprint.cassandra.model.KeyspaceOperationCallback.doInKeyspaceAndMeasure(KeyspaceOperationCallback.java:20)
	at me.prettyprint.cassandra.model.ExecutingKeyspace.doExecute(ExecutingKeyspace.java:85)
	at me.prettyprint.cassandra.model.thrift.ThriftRangeSlicesQuery.execute(ThriftRangeSlicesQuery.java:62)
	at fr.urssaf.hectotest.AppTest.dumpCF(AppTest.java:153)
	at fr.urssaf.hectotest.AppTest.testDumpAnnotations(AppTest.java:87)
	at sun.reflect.NativeMethodAccessorImpl.invoke0(Native Method)
	at sun.reflect.NativeMethodAccessorImpl.invoke(NativeMethodAccessorImpl.java:39)
	at sun.reflect.DelegatingMethodAccessorImpl.invoke(DelegatingMethodAccessorImpl.java:25)
	at java.lang.reflect.Method.invoke(Method.java:597)
	at org.junit.runners.model.FrameworkMethod$1.runReflectiveCall(FrameworkMethod.java:44)
	at org.junit.internal.runners.model.ReflectiveCallable.run(ReflectiveCallable.java:15)
	at org.junit.runners.model.FrameworkMethod.invokeExplosively(FrameworkMethod.java:41)
	at org.junit.internal.runners.statements.InvokeMethod.evaluate(InvokeMethod.java:20)
	at org.junit.internal.runners.statements.RunBefores.evaluate(RunBefores.java:28)
	at org.junit.internal.runners.statements.RunAfters.evaluate(RunAfters.java:31)
	at org.junit.runners.BlockJUnit4ClassRunner.runChild(BlockJUnit4ClassRunner.java:76)
	at org.junit.runners.BlockJUnit4ClassRunner.runChild(BlockJUnit4ClassRunner.java:50)
	at org.junit.runners.ParentRunner$3.run(ParentRunner.java:193)
	at org.junit.runners.ParentRunner$1.schedule(ParentRunner.java:52)
	at org.junit.runners.ParentRunner.runChildren(ParentRunner.java:191)
	at org.junit.runners.ParentRunner.access$000(ParentRunner.java:42)
	at org.junit.runners.ParentRunner$2.evaluate(ParentRunner.java:184)
	at org.junit.runners.ParentRunner.run(ParentRunner.java:236)
	at org.apache.maven.surefire.junit4.JUnit4TestSet.execute(JUnit4TestSet.java:62)
	at org.apache.maven.surefire.suite.AbstractDirectoryTestSuite.executeTestSet(AbstractDirectoryTestSuite.java:140)
	at org.apache.maven.surefire.suite.AbstractDirectoryTestSuite.execute(AbstractDirectoryTestSuite.java:127)
	at org.apache.maven.surefire.Surefire.run(Surefire.java:177)
	at sun.reflect.NativeMethodAccessorImpl.invoke0(Native Method)
	at sun.reflect.NativeMethodAccessorImpl.invoke(NativeMethodAccessorImpl.java:39)
	at sun.reflect.DelegatingMethodAccessorImpl.invoke(DelegatingMethodAccessorImpl.java:25)
	at java.lang.reflect.Method.invoke(Method.java:597)
	at org.apache.maven.surefire.booter.SurefireBooter.runSuitesInProcess(SurefireBooter.java:338)
	at org.apache.maven.surefire.booter.SurefireBooter.main(SurefireBooter.java:997)
</error>
    <system-out>12:50:27.384 [main] INFO  m.p.cassandra.hector.TimingLogger - start[1304419827384] time[0] tag[READ.fail_]
</system-out>
  </testcase>
  <testcase time="0" classname="fr.urssaf.hectotest.AppTest" name="testDumpRecordManager">
    <error message="All host pools marked down. Retry burden pushed out to client." type="me.prettyprint.hector.api.exceptions.HectorException">me.prettyprint.hector.api.exceptions.HectorException: All host pools marked down. Retry burden pushed out to client.
	at me.prettyprint.cassandra.connection.HConnectionManager.getClientFromLBPolicy(HConnectionManager.java:308)
	at me.prettyprint.cassandra.connection.HConnectionManager.operateWithFailover(HConnectionManager.java:213)
	at me.prettyprint.cassandra.service.KeyspaceServiceImpl.operateWithFailover(KeyspaceServiceImpl.java:129)
	at me.prettyprint.cassandra.service.KeyspaceServiceImpl.getRangeSlices(KeyspaceServiceImpl.java:165)
	at me.prettyprint.cassandra.model.thrift.ThriftRangeSlicesQuery$1.doInKeyspace(ThriftRangeSlicesQuery.java:67)
	at me.prettyprint.cassandra.model.thrift.ThriftRangeSlicesQuery$1.doInKeyspace(ThriftRangeSlicesQuery.java:63)
	at me.prettyprint.cassandra.model.KeyspaceOperationCallback.doInKeyspaceAndMeasure(KeyspaceOperationCallback.java:20)
	at me.prettyprint.cassandra.model.ExecutingKeyspace.doExecute(ExecutingKeyspace.java:85)
	at me.prettyprint.cassandra.model.thrift.ThriftRangeSlicesQuery.execute(ThriftRangeSlicesQuery.java:62)
	at fr.urssaf.hectotest.AppTest.getKeys(AppTest.java:186)
	at fr.urssaf.hectotest.AppTest.dumpSCF(AppTest.java:199)
	at fr.urssaf.hectotest.AppTest.testDumpRecordManager(AppTest.java:92)
	at sun.reflect.NativeMethodAccessorImpl.invoke0(Native Method)
	at sun.reflect.NativeMethodAccessorImpl.invoke(NativeMethodAccessorImpl.java:39)
	at sun.reflect.DelegatingMethodAccessorImpl.invoke(DelegatingMethodAccessorImpl.java:25)
	at java.lang.reflect.Method.invoke(Method.java:597)
	at org.junit.runners.model.FrameworkMethod$1.runReflectiveCall(FrameworkMethod.java:44)
	at org.junit.internal.runners.model.ReflectiveCallable.run(ReflectiveCallable.java:15)
	at org.junit.runners.model.FrameworkMethod.invokeExplosively(FrameworkMethod.java:41)
	at org.junit.internal.runners.statements.InvokeMethod.evaluate(InvokeMethod.java:20)
	at org.junit.internal.runners.statements.RunBefores.evaluate(RunBefores.java:28)
	at org.junit.internal.runners.statements.RunAfters.evaluate(RunAfters.java:31)
	at org.junit.runners.BlockJUnit4ClassRunner.runChild(BlockJUnit4ClassRunner.java:76)
	at org.junit.runners.BlockJUnit4ClassRunner.runChild(BlockJUnit4ClassRunner.java:50)
	at org.junit.runners.ParentRunner$3.run(ParentRunner.java:193)
	at org.junit.runners.ParentRunner$1.schedule(ParentRunner.java:52)
	at org.junit.runners.ParentRunner.runChildren(ParentRunner.java:191)
	at org.junit.runners.ParentRunner.access$000(ParentRunner.java:42)
	at org.junit.runners.ParentRunner$2.evaluate(ParentRunner.java:184)
	at org.junit.runners.ParentRunner.run(ParentRunner.java:236)
	at org.apache.maven.surefire.junit4.JUnit4TestSet.execute(JUnit4TestSet.java:62)
	at org.apache.maven.surefire.suite.AbstractDirectoryTestSuite.executeTestSet(AbstractDirectoryTestSuite.java:140)
	at org.apache.maven.surefire.suite.AbstractDirectoryTestSuite.execute(AbstractDirectoryTestSuite.java:127)
	at org.apache.maven.surefire.Surefire.run(Surefire.java:177)
	at sun.reflect.NativeMethodAccessorImpl.invoke0(Native Method)
	at sun.reflect.NativeMethodAccessorImpl.invoke(NativeMethodAccessorImpl.java:39)
	at sun.reflect.DelegatingMethodAccessorImpl.invoke(DelegatingMethodAccessorImpl.java:25)
	at java.lang.reflect.Method.invoke(Method.java:597)
	at org.apache.maven.surefire.booter.SurefireBooter.runSuitesInProcess(SurefireBooter.java:338)
	at org.apache.maven.surefire.booter.SurefireBooter.main(SurefireBooter.java:997)
</error>
    <system-out>12:50:27.384 [main] INFO  m.p.cassandra.hector.TimingLogger - start[1304419827384] time[0] tag[READ.fail_]
</system-out>
  </testcase>
  <testcase time="0" classname="fr.urssaf.hectotest.AppTest" name="testDumpRecordManagerRef">
    <error message="All host pools marked down. Retry burden pushed out to client." type="me.prettyprint.hector.api.exceptions.HectorException">me.prettyprint.hector.api.exceptions.HectorException: All host pools marked down. Retry burden pushed out to client.
	at me.prettyprint.cassandra.connection.HConnectionManager.getClientFromLBPolicy(HConnectionManager.java:308)
	at me.prettyprint.cassandra.connection.HConnectionManager.operateWithFailover(HConnectionManager.java:213)
	at me.prettyprint.cassandra.service.KeyspaceServiceImpl.operateWithFailover(KeyspaceServiceImpl.java:129)
	at me.prettyprint.cassandra.service.KeyspaceServiceImpl.getRangeSlices(KeyspaceServiceImpl.java:165)
	at me.prettyprint.cassandra.model.thrift.ThriftRangeSlicesQuery$1.doInKeyspace(ThriftRangeSlicesQuery.java:67)
	at me.prettyprint.cassandra.model.thrift.ThriftRangeSlicesQuery$1.doInKeyspace(ThriftRangeSlicesQuery.java:63)
	at me.prettyprint.cassandra.model.KeyspaceOperationCallback.doInKeyspaceAndMeasure(KeyspaceOperationCallback.java:20)
	at me.prettyprint.cassandra.model.ExecutingKeyspace.doExecute(ExecutingKeyspace.java:85)
	at me.prettyprint.cassandra.model.thrift.ThriftRangeSlicesQuery.execute(ThriftRangeSlicesQuery.java:62)
	at fr.urssaf.hectotest.AppTest.dumpCF(AppTest.java:153)
	at fr.urssaf.hectotest.AppTest.testDumpRecordManagerRef(AppTest.java:97)
	at sun.reflect.NativeMethodAccessorImpl.invoke0(Native Method)
	at sun.reflect.NativeMethodAccessorImpl.invoke(NativeMethodAccessorImpl.java:39)
	at sun.reflect.DelegatingMethodAccessorImpl.invoke(DelegatingMethodAccessorImpl.java:25)
	at java.lang.reflect.Method.invoke(Method.java:597)
	at org.junit.runners.model.FrameworkMethod$1.runReflectiveCall(FrameworkMethod.java:44)
	at org.junit.internal.runners.model.ReflectiveCallable.run(ReflectiveCallable.java:15)
	at org.junit.runners.model.FrameworkMethod.invokeExplosively(FrameworkMethod.java:41)
	at org.junit.internal.runners.statements.InvokeMethod.evaluate(InvokeMethod.java:20)
	at org.junit.internal.runners.statements.RunBefores.evaluate(RunBefores.java:28)
	at org.junit.internal.runners.statements.RunAfters.evaluate(RunAfters.java:31)
	at org.junit.runners.BlockJUnit4ClassRunner.runChild(BlockJUnit4ClassRunner.java:76)
	at org.junit.runners.BlockJUnit4ClassRunner.runChild(BlockJUnit4ClassRunner.java:50)
	at org.junit.runners.ParentRunner$3.run(ParentRunner.java:193)
	at org.junit.runners.ParentRunner$1.schedule(ParentRunner.java:52)
	at org.junit.runners.ParentRunner.runChildren(ParentRunner.java:191)
	at org.junit.runners.ParentRunner.access$000(ParentRunner.java:42)
	at org.junit.runners.ParentRunner$2.evaluate(ParentRunner.java:184)
	at org.junit.runners.ParentRunner.run(ParentRunner.java:236)
	at org.apache.maven.surefire.junit4.JUnit4TestSet.execute(JUnit4TestSet.java:62)
	at org.apache.maven.surefire.suite.AbstractDirectoryTestSuite.executeTestSet(AbstractDirectoryTestSuite.java:140)
	at org.apache.maven.surefire.suite.AbstractDirectoryTestSuite.execute(AbstractDirectoryTestSuite.java:127)
	at org.apache.maven.surefire.Surefire.run(Surefire.java:177)
	at sun.reflect.NativeMethodAccessorImpl.invoke0(Native Method)
	at sun.reflect.NativeMethodAccessorImpl.invoke(NativeMethodAccessorImpl.java:39)
	at sun.reflect.DelegatingMethodAccessorImpl.invoke(DelegatingMethodAccessorImpl.java:25)
	at java.lang.reflect.Method.invoke(Method.java:597)
	at org.apache.maven.surefire.booter.SurefireBooter.runSuitesInProcess(SurefireBooter.java:338)
	at org.apache.maven.surefire.booter.SurefireBooter.main(SurefireBooter.java:997)
</error>
    <system-out>12:50:27.384 [main] INFO  m.p.cassandra.hector.TimingLogger - start[1304419827384] time[0] tag[READ.fail_]
</system-out>
  </testcase>
  <testcase time="0" classname="fr.urssaf.hectotest.AppTest" name="testDumpRecordManagerArchive">
    <error message="All host pools marked down. Retry burden pushed out to client." type="me.prettyprint.hector.api.exceptions.HectorException">me.prettyprint.hector.api.exceptions.HectorException: All host pools marked down. Retry burden pushed out to client.
	at me.prettyprint.cassandra.connection.HConnectionManager.getClientFromLBPolicy(HConnectionManager.java:308)
	at me.prettyprint.cassandra.connection.HConnectionManager.operateWithFailover(HConnectionManager.java:213)
	at me.prettyprint.cassandra.service.KeyspaceServiceImpl.operateWithFailover(KeyspaceServiceImpl.java:129)
	at me.prettyprint.cassandra.service.KeyspaceServiceImpl.getRangeSlices(KeyspaceServiceImpl.java:165)
	at me.prettyprint.cassandra.model.thrift.ThriftRangeSlicesQuery$1.doInKeyspace(ThriftRangeSlicesQuery.java:67)
	at me.prettyprint.cassandra.model.thrift.ThriftRangeSlicesQuery$1.doInKeyspace(ThriftRangeSlicesQuery.java:63)
	at me.prettyprint.cassandra.model.KeyspaceOperationCallback.doInKeyspaceAndMeasure(KeyspaceOperationCallback.java:20)
	at me.prettyprint.cassandra.model.ExecutingKeyspace.doExecute(ExecutingKeyspace.java:85)
	at me.prettyprint.cassandra.model.thrift.ThriftRangeSlicesQuery.execute(ThriftRangeSlicesQuery.java:62)
	at fr.urssaf.hectotest.AppTest.dumpCF(AppTest.java:153)
	at fr.urssaf.hectotest.AppTest.testDumpRecordManagerArchive(AppTest.java:102)
	at sun.reflect.NativeMethodAccessorImpl.invoke0(Native Method)
	at sun.reflect.NativeMethodAccessorImpl.invoke(NativeMethodAccessorImpl.java:39)
	at sun.reflect.DelegatingMethodAccessorImpl.invoke(DelegatingMethodAccessorImpl.java:25)
	at java.lang.reflect.Method.invoke(Method.java:597)
	at org.junit.runners.model.FrameworkMethod$1.runReflectiveCall(FrameworkMethod.java:44)
	at org.junit.internal.runners.model.ReflectiveCallable.run(ReflectiveCallable.java:15)
	at org.junit.runners.model.FrameworkMethod.invokeExplosively(FrameworkMethod.java:41)
	at org.junit.internal.runners.statements.InvokeMethod.evaluate(InvokeMethod.java:20)
	at org.junit.internal.runners.statements.RunBefores.evaluate(RunBefores.java:28)
	at org.junit.internal.runners.statements.RunAfters.evaluate(RunAfters.java:31)
	at org.junit.runners.BlockJUnit4ClassRunner.runChild(BlockJUnit4ClassRunner.java:76)
	at org.junit.runners.BlockJUnit4ClassRunner.runChild(BlockJUnit4ClassRunner.java:50)
	at org.junit.runners.ParentRunner$3.run(ParentRunner.java:193)
	at org.junit.runners.ParentRunner$1.schedule(ParentRunner.java:52)
	at org.junit.runners.ParentRunner.runChildren(ParentRunner.java:191)
	at org.junit.runners.ParentRunner.access$000(ParentRunner.java:42)
	at org.junit.runners.ParentRunner$2.evaluate(ParentRunner.java:184)
	at org.junit.runners.ParentRunner.run(ParentRunner.java:236)
	at org.apache.maven.surefire.junit4.JUnit4TestSet.execute(JUnit4TestSet.java:62)
	at org.apache.maven.surefire.suite.AbstractDirectoryTestSuite.executeTestSet(AbstractDirectoryTestSuite.java:140)
	at org.apache.maven.surefire.suite.AbstractDirectoryTestSuite.execute(AbstractDirectoryTestSuite.java:127)
	at org.apache.maven.surefire.Surefire.run(Surefire.java:177)
	at sun.reflect.NativeMethodAccessorImpl.invoke0(Native Method)
	at sun.reflect.NativeMethodAccessorImpl.invoke(NativeMethodAccessorImpl.java:39)
	at sun.reflect.DelegatingMethodAccessorImpl.invoke(DelegatingMethodAccessorImpl.java:25)
	at java.lang.reflect.Method.invoke(Method.java:597)
	at org.apache.maven.surefire.booter.SurefireBooter.runSuitesInProcess(SurefireBooter.java:338)
	at org.apache.maven.surefire.booter.SurefireBooter.main(SurefireBooter.java:997)
</error>
    <system-out>12:50:27.384 [main] INFO  m.p.cassandra.hector.TimingLogger - start[1304419827384] time[0] tag[READ.fail_]
</system-out>
  </testcase>
  <testcase time="0.015" classname="fr.urssaf.hectotest.AppTest" name="testDumpBaseCategoriesReference">
    <error message="All host pools marked down. Retry burden pushed out to client." type="me.prettyprint.hector.api.exceptions.HectorException">me.prettyprint.hector.api.exceptions.HectorException: All host pools marked down. Retry burden pushed out to client.
	at me.prettyprint.cassandra.connection.HConnectionManager.getClientFromLBPolicy(HConnectionManager.java:308)
	at me.prettyprint.cassandra.connection.HConnectionManager.operateWithFailover(HConnectionManager.java:213)
	at me.prettyprint.cassandra.service.KeyspaceServiceImpl.operateWithFailover(KeyspaceServiceImpl.java:129)
	at me.prettyprint.cassandra.service.KeyspaceServiceImpl.getRangeSlices(KeyspaceServiceImpl.java:165)
	at me.prettyprint.cassandra.model.thrift.ThriftRangeSlicesQuery$1.doInKeyspace(ThriftRangeSlicesQuery.java:67)
	at me.prettyprint.cassandra.model.thrift.ThriftRangeSlicesQuery$1.doInKeyspace(ThriftRangeSlicesQuery.java:63)
	at me.prettyprint.cassandra.model.KeyspaceOperationCallback.doInKeyspaceAndMeasure(KeyspaceOperationCallback.java:20)
	at me.prettyprint.cassandra.model.ExecutingKeyspace.doExecute(ExecutingKeyspace.java:85)
	at me.prettyprint.cassandra.model.thrift.ThriftRangeSlicesQuery.execute(ThriftRangeSlicesQuery.java:62)
	at fr.urssaf.hectotest.AppTest.dumpCF(AppTest.java:153)
	at fr.urssaf.hectotest.AppTest.testDumpBaseCategoriesReference(AppTest.java:107)
	at sun.reflect.NativeMethodAccessorImpl.invoke0(Native Method)
	at sun.reflect.NativeMethodAccessorImpl.invoke(NativeMethodAccessorImpl.java:39)
	at sun.reflect.DelegatingMethodAccessorImpl.invoke(DelegatingMethodAccessorImpl.java:25)
	at java.lang.reflect.Method.invoke(Method.java:597)
	at org.junit.runners.model.FrameworkMethod$1.runReflectiveCall(FrameworkMethod.java:44)
	at org.junit.internal.runners.model.ReflectiveCallable.run(ReflectiveCallable.java:15)
	at org.junit.runners.model.FrameworkMethod.invokeExplosively(FrameworkMethod.java:41)
	at org.junit.internal.runners.statements.InvokeMethod.evaluate(InvokeMethod.java:20)
	at org.junit.internal.runners.statements.RunBefores.evaluate(RunBefores.java:28)
	at org.junit.internal.runners.statements.RunAfters.evaluate(RunAfters.java:31)
	at org.junit.runners.BlockJUnit4ClassRunner.runChild(BlockJUnit4ClassRunner.java:76)
	at org.junit.runners.BlockJUnit4ClassRunner.runChild(BlockJUnit4ClassRunner.java:50)
	at org.junit.runners.ParentRunner$3.run(ParentRunner.java:193)
	at org.junit.runners.ParentRunner$1.schedule(ParentRunner.java:52)
	at org.junit.runners.ParentRunner.runChildren(ParentRunner.java:191)
	at org.junit.runners.ParentRunner.access$000(ParentRunner.java:42)
	at org.junit.runners.ParentRunner$2.evaluate(ParentRunner.java:184)
	at org.junit.runners.ParentRunner.run(ParentRunner.java:236)
	at org.apache.maven.surefire.junit4.JUnit4TestSet.execute(JUnit4TestSet.java:62)
	at org.apache.maven.surefire.suite.AbstractDirectoryTestSuite.executeTestSet(AbstractDirectoryTestSuite.java:140)
	at org.apache.maven.surefire.suite.AbstractDirectoryTestSuite.execute(AbstractDirectoryTestSuite.java:127)
	at org.apache.maven.surefire.Surefire.run(Surefire.java:177)
	at sun.reflect.NativeMethodAccessorImpl.invoke0(Native Method)
	at sun.reflect.NativeMethodAccessorImpl.invoke(NativeMethodAccessorImpl.java:39)
	at sun.reflect.DelegatingMethodAccessorImpl.invoke(DelegatingMethodAccessorImpl.java:25)
	at java.lang.reflect.Method.invoke(Method.java:597)
	at org.apache.maven.surefire.booter.SurefireBooter.runSuitesInProcess(SurefireBooter.java:338)
	at org.apache.maven.surefire.booter.SurefireBooter.main(SurefireBooter.java:997)
</error>
    <system-out>12:50:27.384 [main] INFO  m.p.cassandra.hector.TimingLogger - start[1304419827384] time[0] tag[READ.fail_]
</system-out>
  </testcase>
  <testcase time="0" classname="fr.urssaf.hectotest.AppTest" name="testDumpCategoriesReference">
    <error message="All host pools marked down. Retry burden pushed out to client." type="me.prettyprint.hector.api.exceptions.HectorException">me.prettyprint.hector.api.exceptions.HectorException: All host pools marked down. Retry burden pushed out to client.
	at me.prettyprint.cassandra.connection.HConnectionManager.getClientFromLBPolicy(HConnectionManager.java:308)
	at me.prettyprint.cassandra.connection.HConnectionManager.operateWithFailover(HConnectionManager.java:213)
	at me.prettyprint.cassandra.service.KeyspaceServiceImpl.operateWithFailover(KeyspaceServiceImpl.java:129)
	at me.prettyprint.cassandra.service.KeyspaceServiceImpl.getRangeSlices(KeyspaceServiceImpl.java:165)
	at me.prettyprint.cassandra.model.thrift.ThriftRangeSlicesQuery$1.doInKeyspace(ThriftRangeSlicesQuery.java:67)
	at me.prettyprint.cassandra.model.thrift.ThriftRangeSlicesQuery$1.doInKeyspace(ThriftRangeSlicesQuery.java:63)
	at me.prettyprint.cassandra.model.KeyspaceOperationCallback.doInKeyspaceAndMeasure(KeyspaceOperationCallback.java:20)
	at me.prettyprint.cassandra.model.ExecutingKeyspace.doExecute(ExecutingKeyspace.java:85)
	at me.prettyprint.cassandra.model.thrift.ThriftRangeSlicesQuery.execute(ThriftRangeSlicesQuery.java:62)
	at fr.urssaf.hectotest.AppTest.dumpCF(AppTest.java:153)
	at fr.urssaf.hectotest.AppTest.testDumpCategoriesReference(AppTest.java:112)
	at sun.reflect.NativeMethodAccessorImpl.invoke0(Native Method)
	at sun.reflect.NativeMethodAccessorImpl.invoke(NativeMethodAccessorImpl.java:39)
	at sun.reflect.DelegatingMethodAccessorImpl.invoke(DelegatingMethodAccessorImpl.java:25)
	at java.lang.reflect.Method.invoke(Method.java:597)
	at org.junit.runners.model.FrameworkMethod$1.runReflectiveCall(FrameworkMethod.java:44)
	at org.junit.internal.runners.model.ReflectiveCallable.run(ReflectiveCallable.java:15)
	at org.junit.runners.model.FrameworkMethod.invokeExplosively(FrameworkMethod.java:41)
	at org.junit.internal.runners.statements.InvokeMethod.evaluate(InvokeMethod.java:20)
	at org.junit.internal.runners.statements.RunBefores.evaluate(RunBefores.java:28)
	at org.junit.internal.runners.statements.RunAfters.evaluate(RunAfters.java:31)
	at org.junit.runners.BlockJUnit4ClassRunner.runChild(BlockJUnit4ClassRunner.java:76)
	at org.junit.runners.BlockJUnit4ClassRunner.runChild(BlockJUnit4ClassRunner.java:50)
	at org.junit.runners.ParentRunner$3.run(ParentRunner.java:193)
	at org.junit.runners.ParentRunner$1.schedule(ParentRunner.java:52)
	at org.junit.runners.ParentRunner.runChildren(ParentRunner.java:191)
	at org.junit.runners.ParentRunner.access$000(ParentRunner.java:42)
	at org.junit.runners.ParentRunner$2.evaluate(ParentRunner.java:184)
	at org.junit.runners.ParentRunner.run(ParentRunner.java:236)
	at org.apache.maven.surefire.junit4.JUnit4TestSet.execute(JUnit4TestSet.java:62)
	at org.apache.maven.surefire.suite.AbstractDirectoryTestSuite.executeTestSet(AbstractDirectoryTestSuite.java:140)
	at org.apache.maven.surefire.suite.AbstractDirectoryTestSuite.execute(AbstractDirectoryTestSuite.java:127)
	at org.apache.maven.surefire.Surefire.run(Surefire.java:177)
	at sun.reflect.NativeMethodAccessorImpl.invoke0(Native Method)
	at sun.reflect.NativeMethodAccessorImpl.invoke(NativeMethodAccessorImpl.java:39)
	at sun.reflect.DelegatingMethodAccessorImpl.invoke(DelegatingMethodAccessorImpl.java:25)
	at java.lang.reflect.Method.invoke(Method.java:597)
	at org.apache.maven.surefire.booter.SurefireBooter.runSuitesInProcess(SurefireBooter.java:338)
	at org.apache.maven.surefire.booter.SurefireBooter.main(SurefireBooter.java:997)
</error>
    <system-out>12:50:27.399 [main] INFO  m.p.cassandra.hector.TimingLogger - start[1304419827399] time[0] tag[READ.fail_]
</system-out>
  </testcase>
  <testcase time="0" classname="fr.urssaf.hectotest.AppTest" name="testDumpCompositeIndexesReference">
    <error message="All host pools marked down. Retry burden pushed out to client." type="me.prettyprint.hector.api.exceptions.HectorException">me.prettyprint.hector.api.exceptions.HectorException: All host pools marked down. Retry burden pushed out to client.
	at me.prettyprint.cassandra.connection.HConnectionManager.getClientFromLBPolicy(HConnectionManager.java:308)
	at me.prettyprint.cassandra.connection.HConnectionManager.operateWithFailover(HConnectionManager.java:213)
	at me.prettyprint.cassandra.service.KeyspaceServiceImpl.operateWithFailover(KeyspaceServiceImpl.java:129)
	at me.prettyprint.cassandra.service.KeyspaceServiceImpl.getRangeSlices(KeyspaceServiceImpl.java:165)
	at me.prettyprint.cassandra.model.thrift.ThriftRangeSlicesQuery$1.doInKeyspace(ThriftRangeSlicesQuery.java:67)
	at me.prettyprint.cassandra.model.thrift.ThriftRangeSlicesQuery$1.doInKeyspace(ThriftRangeSlicesQuery.java:63)
	at me.prettyprint.cassandra.model.KeyspaceOperationCallback.doInKeyspaceAndMeasure(KeyspaceOperationCallback.java:20)
	at me.prettyprint.cassandra.model.ExecutingKeyspace.doExecute(ExecutingKeyspace.java:85)
	at me.prettyprint.cassandra.model.thrift.ThriftRangeSlicesQuery.execute(ThriftRangeSlicesQuery.java:62)
	at fr.urssaf.hectotest.AppTest.dumpCF(AppTest.java:153)
	at fr.urssaf.hectotest.AppTest.testDumpCompositeIndexesReference(AppTest.java:117)
	at sun.reflect.NativeMethodAccessorImpl.invoke0(Native Method)
	at sun.reflect.NativeMethodAccessorImpl.invoke(NativeMethodAccessorImpl.java:39)
	at sun.reflect.DelegatingMethodAccessorImpl.invoke(DelegatingMethodAccessorImpl.java:25)
	at java.lang.reflect.Method.invoke(Method.java:597)
	at org.junit.runners.model.FrameworkMethod$1.runReflectiveCall(FrameworkMethod.java:44)
	at org.junit.internal.runners.model.ReflectiveCallable.run(ReflectiveCallable.java:15)
	at org.junit.runners.model.FrameworkMethod.invokeExplosively(FrameworkMethod.java:41)
	at org.junit.internal.runners.statements.InvokeMethod.evaluate(InvokeMethod.java:20)
	at org.junit.internal.runners.statements.RunBefores.evaluate(RunBefores.java:28)
	at org.junit.internal.runners.statements.RunAfters.evaluate(RunAfters.java:31)
	at org.junit.runners.BlockJUnit4ClassRunner.runChild(BlockJUnit4ClassRunner.java:76)
	at org.junit.runners.BlockJUnit4ClassRunner.runChild(BlockJUnit4ClassRunner.java:50)
	at org.junit.runners.ParentRunner$3.run(ParentRunner.java:193)
	at org.junit.runners.ParentRunner$1.schedule(ParentRunner.java:52)
	at org.junit.runners.ParentRunner.runChildren(ParentRunner.java:191)
	at org.junit.runners.ParentRunner.access$000(ParentRunner.java:42)
	at org.junit.runners.ParentRunner$2.evaluate(ParentRunner.java:184)
	at org.junit.runners.ParentRunner.run(ParentRunner.java:236)
	at org.apache.maven.surefire.junit4.JUnit4TestSet.execute(JUnit4TestSet.java:62)
	at org.apache.maven.surefire.suite.AbstractDirectoryTestSuite.executeTestSet(AbstractDirectoryTestSuite.java:140)
	at org.apache.maven.surefire.suite.AbstractDirectoryTestSuite.execute(AbstractDirectoryTestSuite.java:127)
	at org.apache.maven.surefire.Surefire.run(Surefire.java:177)
	at sun.reflect.NativeMethodAccessorImpl.invoke0(Native Method)
	at sun.reflect.NativeMethodAccessorImpl.invoke(NativeMethodAccessorImpl.java:39)
	at sun.reflect.DelegatingMethodAccessorImpl.invoke(DelegatingMethodAccessorImpl.java:25)
	at java.lang.reflect.Method.invoke(Method.java:597)
	at org.apache.maven.surefire.booter.SurefireBooter.runSuitesInProcess(SurefireBooter.java:338)
	at org.apache.maven.surefire.booter.SurefireBooter.main(SurefireBooter.java:997)
</error>
    <system-out>12:50:27.399 [main] INFO  m.p.cassandra.hector.TimingLogger - start[1304419827399] time[0] tag[READ.fail_]
</system-out>
  </testcase>
  <testcase time="0" classname="fr.urssaf.hectotest.AppTest" name="testDumpIndexCriteriaReference">
    <error message="All host pools marked down. Retry burden pushed out to client." type="me.prettyprint.hector.api.exceptions.HectorException">me.prettyprint.hector.api.exceptions.HectorException: All host pools marked down. Retry burden pushed out to client.
	at me.prettyprint.cassandra.connection.HConnectionManager.getClientFromLBPolicy(HConnectionManager.java:308)
	at me.prettyprint.cassandra.connection.HConnectionManager.operateWithFailover(HConnectionManager.java:213)
	at me.prettyprint.cassandra.service.KeyspaceServiceImpl.operateWithFailover(KeyspaceServiceImpl.java:129)
	at me.prettyprint.cassandra.service.KeyspaceServiceImpl.getRangeSlices(KeyspaceServiceImpl.java:165)
	at me.prettyprint.cassandra.model.thrift.ThriftRangeSlicesQuery$1.doInKeyspace(ThriftRangeSlicesQuery.java:67)
	at me.prettyprint.cassandra.model.thrift.ThriftRangeSlicesQuery$1.doInKeyspace(ThriftRangeSlicesQuery.java:63)
	at me.prettyprint.cassandra.model.KeyspaceOperationCallback.doInKeyspaceAndMeasure(KeyspaceOperationCallback.java:20)
	at me.prettyprint.cassandra.model.ExecutingKeyspace.doExecute(ExecutingKeyspace.java:85)
	at me.prettyprint.cassandra.model.thrift.ThriftRangeSlicesQuery.execute(ThriftRangeSlicesQuery.java:62)
	at fr.urssaf.hectotest.AppTest.dumpCF(AppTest.java:153)
	at fr.urssaf.hectotest.AppTest.testDumpIndexCriteriaReference(AppTest.java:122)
	at sun.reflect.NativeMethodAccessorImpl.invoke0(Native Method)
	at sun.reflect.NativeMethodAccessorImpl.invoke(NativeMethodAccessorImpl.java:39)
	at sun.reflect.DelegatingMethodAccessorImpl.invoke(DelegatingMethodAccessorImpl.java:25)
	at java.lang.reflect.Method.invoke(Method.java:597)
	at org.junit.runners.model.FrameworkMethod$1.runReflectiveCall(FrameworkMethod.java:44)
	at org.junit.internal.runners.model.ReflectiveCallable.run(ReflectiveCallable.java:15)
	at org.junit.runners.model.FrameworkMethod.invokeExplosively(FrameworkMethod.java:41)
	at org.junit.internal.runners.statements.InvokeMethod.evaluate(InvokeMethod.java:20)
	at org.junit.internal.runners.statements.RunBefores.evaluate(RunBefores.java:28)
	at org.junit.internal.runners.statements.RunAfters.evaluate(RunAfters.java:31)
	at org.junit.runners.BlockJUnit4ClassRunner.runChild(BlockJUnit4ClassRunner.java:76)
	at org.junit.runners.BlockJUnit4ClassRunner.runChild(BlockJUnit4ClassRunner.java:50)
	at org.junit.runners.ParentRunner$3.run(ParentRunner.java:193)
	at org.junit.runners.ParentRunner$1.schedule(ParentRunner.java:52)
	at org.junit.runners.ParentRunner.runChildren(ParentRunner.java:191)
	at org.junit.runners.ParentRunner.access$000(ParentRunner.java:42)
	at org.junit.runners.ParentRunner$2.evaluate(ParentRunner.java:184)
	at org.junit.runners.ParentRunner.run(ParentRunner.java:236)
	at org.apache.maven.surefire.junit4.JUnit4TestSet.execute(JUnit4TestSet.java:62)
	at org.apache.maven.surefire.suite.AbstractDirectoryTestSuite.executeTestSet(AbstractDirectoryTestSuite.java:140)
	at org.apache.maven.surefire.suite.AbstractDirectoryTestSuite.execute(AbstractDirectoryTestSuite.java:127)
	at org.apache.maven.surefire.Surefire.run(Surefire.java:177)
	at sun.reflect.NativeMethodAccessorImpl.invoke0(Native Method)
	at sun.reflect.NativeMethodAccessorImpl.invoke(NativeMethodAccessorImpl.java:39)
	at sun.reflect.DelegatingMethodAccessorImpl.invoke(DelegatingMethodAccessorImpl.java:25)
	at java.lang.reflect.Method.invoke(Method.java:597)
	at org.apache.maven.surefire.booter.SurefireBooter.runSuitesInProcess(SurefireBooter.java:338)
	at org.apache.maven.surefire.booter.SurefireBooter.main(SurefireBooter.java:997)
</error>
    <system-out>12:50:27.399 [main] INFO  m.p.cassandra.hector.TimingLogger - start[1304419827399] time[0] tag[READ.fail_]
</system-out>
  </testcase>
  <testcase time="0" classname="fr.urssaf.hectotest.AppTest" name="testDumpStaticDictionaries">
    <error message="All host pools marked down. Retry burden pushed out to client." type="me.prettyprint.hector.api.exceptions.HectorException">me.prettyprint.hector.api.exceptions.HectorException: All host pools marked down. Retry burden pushed out to client.
	at me.prettyprint.cassandra.connection.HConnectionManager.getClientFromLBPolicy(HConnectionManager.java:308)
	at me.prettyprint.cassandra.connection.HConnectionManager.operateWithFailover(HConnectionManager.java:213)
	at me.prettyprint.cassandra.service.KeyspaceServiceImpl.operateWithFailover(KeyspaceServiceImpl.java:129)
	at me.prettyprint.cassandra.service.KeyspaceServiceImpl.getRangeSlices(KeyspaceServiceImpl.java:165)
	at me.prettyprint.cassandra.model.thrift.ThriftRangeSlicesQuery$1.doInKeyspace(ThriftRangeSlicesQuery.java:67)
	at me.prettyprint.cassandra.model.thrift.ThriftRangeSlicesQuery$1.doInKeyspace(ThriftRangeSlicesQuery.java:63)
	at me.prettyprint.cassandra.model.KeyspaceOperationCallback.doInKeyspaceAndMeasure(KeyspaceOperationCallback.java:20)
	at me.prettyprint.cassandra.model.ExecutingKeyspace.doExecute(ExecutingKeyspace.java:85)
	at me.prettyprint.cassandra.model.thrift.ThriftRangeSlicesQuery.execute(ThriftRangeSlicesQuery.java:62)
	at fr.urssaf.hectotest.AppTest.dumpCF(AppTest.java:153)
	at fr.urssaf.hectotest.AppTest.testDumpStaticDictionaries(AppTest.java:127)
	at sun.reflect.NativeMethodAccessorImpl.invoke0(Native Method)
	at sun.reflect.NativeMethodAccessorImpl.invoke(NativeMethodAccessorImpl.java:39)
	at sun.reflect.DelegatingMethodAccessorImpl.invoke(DelegatingMethodAccessorImpl.java:25)
	at java.lang.reflect.Method.invoke(Method.java:597)
	at org.junit.runners.model.FrameworkMethod$1.runReflectiveCall(FrameworkMethod.java:44)
	at org.junit.internal.runners.model.ReflectiveCallable.run(ReflectiveCallable.java:15)
	at org.junit.runners.model.FrameworkMethod.invokeExplosively(FrameworkMethod.java:41)
	at org.junit.internal.runners.statements.InvokeMethod.evaluate(InvokeMethod.java:20)
	at org.junit.internal.runners.statements.RunBefores.evaluate(RunBefores.java:28)
	at org.junit.internal.runners.statements.RunAfters.evaluate(RunAfters.java:31)
	at org.junit.runners.BlockJUnit4ClassRunner.runChild(BlockJUnit4ClassRunner.java:76)
	at org.junit.runners.BlockJUnit4ClassRunner.runChild(BlockJUnit4ClassRunner.java:50)
	at org.junit.runners.ParentRunner$3.run(ParentRunner.java:193)
	at org.junit.runners.ParentRunner$1.schedule(ParentRunner.java:52)
	at org.junit.runners.ParentRunner.runChildren(ParentRunner.java:191)
	at org.junit.runners.ParentRunner.access$000(ParentRunner.java:42)
	at org.junit.runners.ParentRunner$2.evaluate(ParentRunner.java:184)
	at org.junit.runners.ParentRunner.run(ParentRunner.java:236)
	at org.apache.maven.surefire.junit4.JUnit4TestSet.execute(JUnit4TestSet.java:62)
	at org.apache.maven.surefire.suite.AbstractDirectoryTestSuite.executeTestSet(AbstractDirectoryTestSuite.java:140)
	at org.apache.maven.surefire.suite.AbstractDirectoryTestSuite.execute(AbstractDirectoryTestSuite.java:127)
	at org.apache.maven.surefire.Surefire.run(Surefire.java:177)
	at sun.reflect.NativeMethodAccessorImpl.invoke0(Native Method)
	at sun.reflect.NativeMethodAccessorImpl.invoke(NativeMethodAccessorImpl.java:39)
	at sun.reflect.DelegatingMethodAccessorImpl.invoke(DelegatingMethodAccessorImpl.java:25)
	at java.lang.reflect.Method.invoke(Method.java:597)
	at org.apache.maven.surefire.booter.SurefireBooter.runSuitesInProcess(SurefireBooter.java:338)
	at org.apache.maven.surefire.booter.SurefireBooter.main(SurefireBooter.java:997)
</error>
    <system-out>12:50:27.399 [main] INFO  m.p.cassandra.hector.TimingLogger - start[1304419827399] time[0] tag[READ.fail_]
</system-out>
  </testcase>
  <testcase time="0" classname="fr.urssaf.hectotest.AppTest" name="testDumpIndexCounter">
    <error message="All host pools marked down. Retry burden pushed out to client." type="me.prettyprint.hector.api.exceptions.HectorException">me.prettyprint.hector.api.exceptions.HectorException: All host pools marked down. Retry burden pushed out to client.
	at me.prettyprint.cassandra.connection.HConnectionManager.getClientFromLBPolicy(HConnectionManager.java:308)
	at me.prettyprint.cassandra.connection.HConnectionManager.operateWithFailover(HConnectionManager.java:213)
	at me.prettyprint.cassandra.service.KeyspaceServiceImpl.operateWithFailover(KeyspaceServiceImpl.java:129)
	at me.prettyprint.cassandra.service.KeyspaceServiceImpl.getRangeSlices(KeyspaceServiceImpl.java:165)
	at me.prettyprint.cassandra.model.thrift.ThriftRangeSlicesQuery$1.doInKeyspace(ThriftRangeSlicesQuery.java:67)
	at me.prettyprint.cassandra.model.thrift.ThriftRangeSlicesQuery$1.doInKeyspace(ThriftRangeSlicesQuery.java:63)
	at me.prettyprint.cassandra.model.KeyspaceOperationCallback.doInKeyspaceAndMeasure(KeyspaceOperationCallback.java:20)
	at me.prettyprint.cassandra.model.ExecutingKeyspace.doExecute(ExecutingKeyspace.java:85)
	at me.prettyprint.cassandra.model.thrift.ThriftRangeSlicesQuery.execute(ThriftRangeSlicesQuery.java:62)
	at fr.urssaf.hectotest.AppTest.dumpCF(AppTest.java:153)
	at fr.urssaf.hectotest.AppTest.testDumpIndexCounter(AppTest.java:132)
	at sun.reflect.NativeMethodAccessorImpl.invoke0(Native Method)
	at sun.reflect.NativeMethodAccessorImpl.invoke(NativeMethodAccessorImpl.java:39)
	at sun.reflect.DelegatingMethodAccessorImpl.invoke(DelegatingMethodAccessorImpl.java:25)
	at java.lang.reflect.Method.invoke(Method.java:597)
	at org.junit.runners.model.FrameworkMethod$1.runReflectiveCall(FrameworkMethod.java:44)
	at org.junit.internal.runners.model.ReflectiveCallable.run(ReflectiveCallable.java:15)
	at org.junit.runners.model.FrameworkMethod.invokeExplosively(FrameworkMethod.java:41)
	at org.junit.internal.runners.statements.InvokeMethod.evaluate(InvokeMethod.java:20)
	at org.junit.internal.runners.statements.RunBefores.evaluate(RunBefores.java:28)
	at org.junit.internal.runners.statements.RunAfters.evaluate(RunAfters.java:31)
	at org.junit.runners.BlockJUnit4ClassRunner.runChild(BlockJUnit4ClassRunner.java:76)
	at org.junit.runners.BlockJUnit4ClassRunner.runChild(BlockJUnit4ClassRunner.java:50)
	at org.junit.runners.ParentRunner$3.run(ParentRunner.java:193)
	at org.junit.runners.ParentRunner$1.schedule(ParentRunner.java:52)
	at org.junit.runners.ParentRunner.runChildren(ParentRunner.java:191)
	at org.junit.runners.ParentRunner.access$000(ParentRunner.java:42)
	at org.junit.runners.ParentRunner$2.evaluate(ParentRunner.java:184)
	at org.junit.runners.ParentRunner.run(ParentRunner.java:236)
	at org.apache.maven.surefire.junit4.JUnit4TestSet.execute(JUnit4TestSet.java:62)
	at org.apache.maven.surefire.suite.AbstractDirectoryTestSuite.executeTestSet(AbstractDirectoryTestSuite.java:140)
	at org.apache.maven.surefire.suite.AbstractDirectoryTestSuite.execute(AbstractDirectoryTestSuite.java:127)
	at org.apache.maven.surefire.Surefire.run(Surefire.java:177)
	at sun.reflect.NativeMethodAccessorImpl.invoke0(Native Method)
	at sun.reflect.NativeMethodAccessorImpl.invoke(NativeMethodAccessorImpl.java:39)
	at sun.reflect.DelegatingMethodAccessorImpl.invoke(DelegatingMethodAccessorImpl.java:25)
	at java.lang.reflect.Method.invoke(Method.java:597)
	at org.apache.maven.surefire.booter.SurefireBooter.runSuitesInProcess(SurefireBooter.java:338)
	at org.apache.maven.surefire.booter.SurefireBooter.main(SurefireBooter.java:997)
</error>
    <system-out>12:50:27.399 [main] INFO  m.p.cassandra.hector.TimingLogger - start[1304419827399] time[0] tag[READ.fail_]
</system-out>
  </testcase>
  <testcase time="0.328" classname="fr.urssaf.hectotest.AppTest" name="testEntityManager">
    <error message="All host pools marked down. Retry burden pushed out to client." type="me.prettyprint.hector.api.exceptions.HectorException">me.prettyprint.hector.api.exceptions.HectorException: All host pools marked down. Retry burden pushed out to client.
	at me.prettyprint.cassandra.connection.HConnectionManager.getClientFromLBPolicy(HConnectionManager.java:308)
	at me.prettyprint.cassandra.connection.HConnectionManager.operateWithFailover(HConnectionManager.java:213)
	at me.prettyprint.cassandra.service.KeyspaceServiceImpl.operateWithFailover(KeyspaceServiceImpl.java:129)
	at me.prettyprint.cassandra.service.KeyspaceServiceImpl.getSlice(KeyspaceServiceImpl.java:227)
	at me.prettyprint.cassandra.model.thrift.ThriftSliceQuery$1.doInKeyspace(ThriftSliceQuery.java:53)
	at me.prettyprint.cassandra.model.thrift.ThriftSliceQuery$1.doInKeyspace(ThriftSliceQuery.java:49)
	at me.prettyprint.cassandra.model.KeyspaceOperationCallback.doInKeyspaceAndMeasure(KeyspaceOperationCallback.java:20)
	at me.prettyprint.cassandra.model.ExecutingKeyspace.doExecute(ExecutingKeyspace.java:85)
	at me.prettyprint.cassandra.model.thrift.ThriftSliceQuery.execute(ThriftSliceQuery.java:48)
	at me.prettyprint.hom.HectorObjectMapper.getObject(HectorObjectMapper.java:102)
	at me.prettyprint.hom.EntityManagerImpl.load(EntityManagerImpl.java:127)
	at fr.urssaf.hectotest.AppTest.testEntityManager(AppTest.java:294)
	at sun.reflect.NativeMethodAccessorImpl.invoke0(Native Method)
	at sun.reflect.NativeMethodAccessorImpl.invoke(NativeMethodAccessorImpl.java:39)
	at sun.reflect.DelegatingMethodAccessorImpl.invoke(DelegatingMethodAccessorImpl.java:25)
	at java.lang.reflect.Method.invoke(Method.java:597)
	at org.junit.runners.model.FrameworkMethod$1.runReflectiveCall(FrameworkMethod.java:44)
	at org.junit.internal.runners.model.ReflectiveCallable.run(ReflectiveCallable.java:15)
	at org.junit.runners.model.FrameworkMethod.invokeExplosively(FrameworkMethod.java:41)
	at org.junit.internal.runners.statements.InvokeMethod.evaluate(InvokeMethod.java:20)
	at org.junit.internal.runners.statements.RunBefores.evaluate(RunBefores.java:28)
	at org.junit.internal.runners.statements.RunAfters.evaluate(RunAfters.java:31)
	at org.junit.runners.BlockJUnit4ClassRunner.runChild(BlockJUnit4ClassRunner.java:76)
	at org.junit.runners.BlockJUnit4ClassRunner.runChild(BlockJUnit4ClassRunner.java:50)
	at org.junit.runners.ParentRunner$3.run(ParentRunner.java:193)
	at org.junit.runners.ParentRunner$1.schedule(ParentRunner.java:52)
	at org.junit.runners.ParentRunner.runChildren(ParentRunner.java:191)
	at org.junit.runners.ParentRunner.access$000(ParentRunner.java:42)
	at org.junit.runners.ParentRunner$2.evaluate(ParentRunner.java:184)
	at org.junit.runners.ParentRunner.run(ParentRunner.java:236)
	at org.apache.maven.surefire.junit4.JUnit4TestSet.execute(JUnit4TestSet.java:62)
	at org.apache.maven.surefire.suite.AbstractDirectoryTestSuite.executeTestSet(AbstractDirectoryTestSuite.java:140)
	at org.apache.maven.surefire.suite.AbstractDirectoryTestSuite.execute(AbstractDirectoryTestSuite.java:127)
	at org.apache.maven.surefire.Surefire.run(Surefire.java:177)
	at sun.reflect.NativeMethodAccessorImpl.invoke0(Native Method)
	at sun.reflect.NativeMethodAccessorImpl.invoke(NativeMethodAccessorImpl.java:39)
	at sun.reflect.DelegatingMethodAccessorImpl.invoke(DelegatingMethodAccessorImpl.java:25)
	at java.lang.reflect.Method.invoke(Method.java:597)
	at org.apache.maven.surefire.booter.SurefireBooter.runSuitesInProcess(SurefireBooter.java:338)
	at org.apache.maven.surefire.booter.SurefireBooter.main(SurefireBooter.java:997)
</error>
    <system-out>12:50:27.634 [main] DEBUG m.p.h.annotations.AnnotationScanner - found candidate bean = fr.urssaf.hectotest.MyPojo
12:50:27.649 [main] DEBUG m.p.h.annotations.AnnotationScanner - found annotated class, fr.urssaf.hectotest.MyPojo
12:50:27.665 [main] DEBUG me.prettyprint.hom.EntityManagerImpl - classpath array has 1 items : [fr.urssaf.hectotest]
12:50:27.727 [main] INFO  m.p.cassandra.hector.TimingLogger - start[1304419827727] time[0] tag[READ.fail_]
</system-out>
  </testcase>
</testsuite>