<?xml version="1.0" encoding="UTF-8" ?>
<testsuite failures="0" time="39.656" errors="1" skipped="0" tests="24" name="fr.urssaf.hectotest.DumpTest">
  <properties>
[...]
</properties>
  <testcase time="1.109" classname="fr.urssaf.hectotest.DumpTest" name="testDumpDocInfo"/>
  <testcase time="0.031" classname="fr.urssaf.hectotest.DumpTest" name="testDumpDocuments"/>
  <testcase time="0" classname="fr.urssaf.hectotest.DumpTest" name="testDumpOneDocument"/>
  <testcase time="0.032" classname="fr.urssaf.hectotest.DumpTest" name="testExtractOneDocument">
    <error type="java.lang.NullPointerException">java.lang.NullPointerException
	at fr.urssaf.hectotest.DumpTest.ExtractOneDocument(DumpTest.java:133)
	at fr.urssaf.hectotest.DumpTest.testExtractOneDocument(DumpTest.java:99)
	at sun.reflect.NativeMethodAccessorImpl.invoke0(Native Method)
	at sun.reflect.NativeMethodAccessorImpl.invoke(NativeMethodAccessorImpl.java:39)
	at sun.reflect.DelegatingMethodAccessorImpl.invoke(DelegatingMethodAccessorImpl.java:25)
	at java.lang.reflect.Method.invoke(Method.java:597)
	at org.junit.runners.model.FrameworkMethod$1.runReflectiveCall(FrameworkMethod.java:44)
	at org.junit.internal.runners.model.ReflectiveCallable.run(ReflectiveCallable.java:15)
	at org.junit.runners.model.FrameworkMethod.invokeExplosively(FrameworkMethod.java:41)
	at org.junit.internal.runners.statements.InvokeMethod.evaluate(InvokeMethod.java:20)
	at org.junit.internal.runners.statements.RunBefores.evaluate(RunBefores.java:28)
	at org.junit.internal.runners.statements.RunAfters.evaluate(RunAfters.java:31)
	at org.junit.runners.BlockJUnit4ClassRunner.runChild(BlockJUnit4ClassRunner.java:76)
	at org.junit.runners.BlockJUnit4ClassRunner.runChild(BlockJUnit4ClassRunner.java:50)
	at org.junit.runners.ParentRunner$3.run(ParentRunner.java:193)
	at org.junit.runners.ParentRunner$1.schedule(ParentRunner.java:52)
	at org.junit.runners.ParentRunner.runChildren(ParentRunner.java:191)
	at org.junit.runners.ParentRunner.access$000(ParentRunner.java:42)
	at org.junit.runners.ParentRunner$2.evaluate(ParentRunner.java:184)
	at org.junit.runners.ParentRunner.run(ParentRunner.java:236)
	at org.apache.maven.surefire.junit4.JUnit4TestSet.execute(JUnit4TestSet.java:62)
	at org.apache.maven.surefire.suite.AbstractDirectoryTestSuite.executeTestSet(AbstractDirectoryTestSuite.java:140)
	at org.apache.maven.surefire.suite.AbstractDirectoryTestSuite.execute(AbstractDirectoryTestSuite.java:127)
	at org.apache.maven.surefire.Surefire.run(Surefire.java:177)
	at sun.reflect.NativeMethodAccessorImpl.invoke0(Native Method)
	at sun.reflect.NativeMethodAccessorImpl.invoke(NativeMethodAccessorImpl.java:39)
	at sun.reflect.DelegatingMethodAccessorImpl.invoke(DelegatingMethodAccessorImpl.java:25)
	at java.lang.reflect.Method.invoke(Method.java:597)
	at org.apache.maven.surefire.booter.SurefireBooter.runSuitesInProcess(SurefireBooter.java:345)
	at org.apache.maven.surefire.booter.SurefireBooter.main(SurefireBooter.java:1009)
</error>
    <system-out>CrÃ©ation du fichier c:\temp\test.pdf...
</system-out>
  </testcase>
  <testcase time="37.483" classname="fr.urssaf.hectotest.DumpTest" name="testDumpTermInfo"/>
  <testcase time="0.016" classname="fr.urssaf.hectotest.DumpTest" name="testDumpNotes"/>
  <testcase time="0.015" classname="fr.urssaf.hectotest.DumpTest" name="testDumpAnnotations"/>
  <testcase time="0" classname="fr.urssaf.hectotest.DumpTest" name="testDumpRecordManager"/>
  <testcase time="0" classname="fr.urssaf.hectotest.DumpTest" name="testDumpRecordManagerRef"/>
  <testcase time="0" classname="fr.urssaf.hectotest.DumpTest" name="testDumpRecordManagerArchive"/>
  <testcase time="0.266" classname="fr.urssaf.hectotest.DumpTest" name="testDumpBaseCategoriesReference"/>
  <testcase time="0.016" classname="fr.urssaf.hectotest.DumpTest" name="testDumpCategoriesReference"/>
  <testcase time="0.031" classname="fr.urssaf.hectotest.DumpTest" name="testDumpBasesReference"/>
  <testcase time="0" classname="fr.urssaf.hectotest.DumpTest" name="testDumpCompositeIndexesReference"/>
  <testcase time="0" classname="fr.urssaf.hectotest.DumpTest" name="testDumpIndexCriteriaReference"/>
  <testcase time="0.031" classname="fr.urssaf.hectotest.DumpTest" name="testDumpStaticDictionaries"/>
  <testcase time="0.031" classname="fr.urssaf.hectotest.DumpTest" name="testDumpIndexCounter"/>
  <testcase time="0.016" classname="fr.urssaf.hectotest.DumpTest" name="testDumpSystemEventLog"/>
  <testcase time="0.234" classname="fr.urssaf.hectotest.DumpTest" name="testDumpDocEventLog"/>
  <testcase time="0.016" classname="fr.urssaf.hectotest.DumpTest" name="testDumpDocEventLogByTime"/>
  <testcase time="0.063" classname="fr.urssaf.hectotest.DumpTest" name="testDumpUser"/>
  <testcase time="0.015" classname="fr.urssaf.hectotest.DumpTest" name="testCQL"/>
  <testcase time="0.031" classname="fr.urssaf.hectotest.DumpTest" name="testDelete"/>
  <testcase time="0.188" classname="fr.urssaf.hectotest.DumpTest" name="testEntityManager"/>
</testsuite>